src/directives/navbar-bg/navbar-bg.spec.ts:@Component({
src/directives/fixed-scroll-bg-color/fixed-scroll-bg-color.spec.ts:// @Component({
src/app/app.component.ts:@Component({
src/components/wallet-receive/wallet-receive.ts:@Component({
src/components/action-card-v4/action-card-v4.ts:@Component({
src/components/info-sheet/info-sheet-template.ts:@Component({
src/components/info-sheet/info-sheet.ts:@Component({
src/components/wallet-selector/wallet-selector.ts:@Component({
src/components/wallet-tab-options/wallet-tab-options.ts:@Component({
src/components/needs-backup/needs-backup.ts:@Component({
src/components/expandable-header/expandable-header.ts:@Component({
src/components/expandable-header/expandable-header.ts:@Component({
src/components/expandable-header/expandable-header.ts:@Component({
src/components/expandable-header/expandable-header.spec.ts:@Component({
src/components/wallet-item-content/wallet-item-content.ts:@Component({
src/components/amount-picker/amount-picker.ts:@Component({
src/components/incoming-data-menu/incoming-data-menu.ts:@Component({
src/components/email-component/email-component.ts:@Component({
src/components/price-chart/price-chart.ts:@Component({
src/components/notification-component/notification-component.ts:@Component({
src/components/label-tip/label-tip.ts:@Component({
src/components/search-bar/search-bar.ts:@Component({
src/components/gift-card-discount-text/gift-card-discount-text.ts:@Component({
src/components/exchange-rates/exchange-rates.ts:@Component({
src/components/chart-component/chart-component.ts:@Component({
src/components/encrypt-password/encrypt-password.ts:@Component({
src/components/action-card/action-card.ts:@Component({
src/components/memo-component/memo-component.ts:@Component({
src/components/add-button/add-button.ts:@Component({
src/components/advertising/advertising.ts:@Component({
src/components/footer-menu/footer-menu.ts:@Component({
src/components/phone-sheet/phone-sheet.ts:@Component({
src/components/balance-to-show/balance-to-show.ts:@Component({
src/components/coin-icon/coin-icon.ts:@Component({
src/components/options-sheet/options-sheet.ts:@Component({
src/components/action-sheet/action-sheet.ts:@Component({
src/components/miner-fee-warning/miner-fee-warning.ts:@Component({
src/pages/add-wallet/add-wallet.ts:@Component({
src/pages/feedback/send-feedback/send-feedback.ts:@Component({
src/pages/slide-to-accept/slide-to-accept.ts:@Component({
src/pages/tx-details/tx-details.ts:@Component({
src/pages/pin/pin-modal/pin-modal.ts:@Component({
src/pages/pin/pin-dots/pin-dots.component.ts:@Component({
src/pages/pin/pin-pad/pin-pad.component.ts:@Component({
src/pages/token-swap/token-swap-approve/token-swap-approve.ts:@Component({
src/pages/token-swap/token-swap-checkout/token-swap-checkout.ts:@Component({
src/pages/merchant/merchant.ts:@Component({
src/pages/exchange-crypto/exchange-checkout/exchange-checkout.ts:@Component({
src/pages/exchange-crypto/exchange-crypto.ts:@Component({
src/pages/exchange-crypto/exchange-crypto-settings/exchange-crypto-settings.ts:@Component({
src/pages/wallets/proposals-notifications/proposals-notifications.ts:@Component({
src/pages/wallets/wallets.ts:@Component({
src/pages/scan/scan.ts:@Component({
src/pages/fingerprint/fingerprint.ts:@Component({
src/pages/txp-details/txp-details.ts:@Component({
src/pages/templates/wide-header-page/wide-header-page.ts:@Component({
src/pages/backup/backup-game/backup-game.ts:@Component({
src/pages/backup/backup-key/backup-key.ts:@Component({
src/pages/finish/finish.ts:@Component({
src/pages/choose-fee-level/choose-fee-level.ts:@Component({
src/pages/wallet-details/wallet-details.ts:@Component({
src/pages/wallet-details/search-tx-modal/search-tx-modal.ts:@Component({
src/pages/wallet-details/wallet-balance/wallet-balance.ts:@Component({
src/pages/send/select-inputs/select-inputs.ts:@Component({
src/pages/send/transfer-to-modal/transfer-to-modal.ts:@Component({
src/pages/send/confirm/confirm.ts:@Component({
src/pages/send/send.ts:@Component({
src/pages/send/amount/amount.ts:@Component({
src/pages/send/transfer-to/transfer-to.ts:@Component({
src/pages/send/multi-send/multi-send.ts:@Component({
src/pages/includes/feedback-card/feedback-card.ts:@Component({
src/pages/includes/gravatar/gravatar.ts:@Component({
src/pages/includes/multiple-outputs/multiple-outputs.ts:@Component({
src/pages/includes/create-new-wallet/create-new-wallet.ts:@Component({
src/pages/includes/coin-selector/coin-selector.ts:@Component({
src/pages/includes/txp/txp.ts:@Component({
src/pages/includes/card-item/card-item.ts:@Component({
src/pages/paper-wallet/paper-wallet.ts:@Component({
src/pages/settings/share/share.ts:@Component({
src/pages/settings/settings.ts:@Component({
src/pages/settings/lock/lock.ts:@Component({
src/pages/settings/language/language.ts:@Component({
src/pages/settings/local-theme/local-theme.ts:@Component({
src/pages/settings/bitpay-id/bitpay-id.ts:@Component({
src/pages/settings/wallet-settings/wallet-delete/wallet-delete.ts:@Component({
src/pages/settings/wallet-settings/wallet-settings.ts:@Component({
src/pages/settings/wallet-settings/wallet-name/wallet-name.ts:@Component({
src/pages/settings/wallet-settings/wallet-settings-advanced/wallet-export/wallet-export.ts:@Component({
src/pages/settings/wallet-settings/wallet-settings-advanced/wallet-duplicate/wallet-duplicate.ts:@Component({
src/pages/settings/wallet-settings/wallet-settings-advanced/wallet-service-url/wallet-service-url.ts:@Component({
src/pages/settings/wallet-settings/wallet-settings-advanced/wallet-information/wallet-information.ts:@Component({
src/pages/settings/wallet-settings/wallet-settings-advanced/wallet-addresses/wallet-addresses.ts:@Component({
src/pages/settings/wallet-settings/wallet-settings-advanced/wallet-addresses/all-addresses/all-addresses.ts:@Component({
src/pages/settings/wallet-settings/wallet-settings-advanced/wallet-transaction-history/wallet-transaction-history.ts:@Component({
src/pages/settings/alt-currency/alt-currency.ts:@Component({
src/pages/settings/key-settings/clear-encrypt-password/clear-encrypt-password.ts:@Component({
src/pages/settings/key-settings/key-qr-export/key-qr-export.ts:@Component({
src/pages/settings/key-settings/key-name/key-name.ts:@Component({
src/pages/settings/key-settings/extended-private-key/extended-private-key.ts:@Component({
src/pages/settings/key-settings/key-delete/key-delete.ts:@Component({
src/pages/settings/key-settings/key-onboarding/key-onboarding.ts:@Component({
src/pages/settings/key-settings/key-settings.ts:@Component({
src/pages/settings/fee-policy/fee-policy.ts:@Component({
src/pages/settings/addressbook/addressbook.ts:@Component({
src/pages/settings/addressbook/view/view.ts:@Component({
src/pages/settings/addressbook/add/add.ts:@Component({
src/pages/settings/navigation/navigation.ts:@Component({
src/pages/settings/notifications/notifications.ts:@Component({
src/pages/settings/about/about.ts:@Component({
src/pages/settings/about/session-log/session-log.ts:@Component({
src/pages/settings/advanced/advanced.ts:@Component({
src/pages/settings/advanced/wallet-recover-page/wallet-recover-page.ts:@Component({
src/pages/settings/advanced/wallet-recover-page/wallet-mnemonic-recover-page/wallet-mnemonic-recover-page.ts:@Component({
src/pages/integrations/coinbase/coinbase-withdraw/coinbase-withdraw.ts:@Component({
src/pages/integrations/coinbase/coinbase-account/coinbase-account.ts:@Component({
src/pages/integrations/coinbase/coinbase.ts:@Component({
src/pages/integrations/coinbase/coinbase-settings/coinbase-settings.ts:@Component({
src/pages/integrations/coinbase/coinbase-tx-details/coinbase-tx-details.ts:@Component({
src/pages/integrations/invoice/select-invoice/select-invoice.ts:@Component({
src/pages/integrations/one-inch/one-inch.ts:@Component({
src/pages/integrations/one-inch/one-inch-details/one-inch-details.ts:@Component({
src/pages/integrations/changelly/changelly-terms/changelly-terms.ts:@Component({
src/pages/integrations/changelly/changelly-details/changelly-details.ts:@Component({
src/pages/integrations/changelly/changelly.ts:@Component({
src/pages/integrations/gift-cards/gift-card-settings/gift-card-settings.ts:@Component({
src/pages/integrations/gift-cards/buy-card/buy-card.ts:@Component({
src/pages/integrations/gift-cards/buy-card/card-description/card-description.ts:@Component({
src/pages/integrations/gift-cards/card-terms/card-terms.ts:@Component({
src/pages/integrations/gift-cards/home-gift-cards/gift-card-item/gift-card-item.ts:@Component({
src/pages/integrations/gift-cards/home-gift-cards/home-gift-cards.ts:@Component({
src/pages/integrations/gift-cards/phone/phone.ts:@Component({
src/pages/integrations/gift-cards/gift-cards-settings/gift-cards-settings.ts:@Component({
src/pages/integrations/gift-cards/confirm-card-purchase/confirm-card-purchase.ts:@Component({
src/pages/integrations/gift-cards/purchased-cards/card-list-item/card-list-item.ts:@Component({
src/pages/integrations/gift-cards/purchased-cards/purchased-cards.ts:@Component({
src/pages/integrations/gift-cards/card-catalog/card-catalog.ts:@Component({
src/pages/integrations/gift-cards/card-details/printable-card/printable-card.ts:@Component({
src/pages/integrations/gift-cards/card-details/card-details.ts:@Component({
src/pages/integrations/gift-cards/card-details/redeem-instructions/redeem-instructions.ts:@Component({
src/pages/integrations/bitpay-card/bitpay-card-topup/bitpay-card-topup.ts:@Component({
src/pages/integrations/bitpay-card/bitpay-card-phases/phase-one/phase-one-intro-page/phase-one-intro-page.ts:@Component({
src/pages/integrations/bitpay-card/bitpay-settings/bitpay-settings.ts:@Component({
src/pages/integrations/bitpay-card/bitpay-card-home/bitpay-card-home.ts:@Component({
src/pages/integrations/bitpay-card/bitpay-card.ts:@Component({
src/pages/integrations/bitpay-card/bitpay-card-intro/bitpay-card-intro.ts:@Component({
src/pages/integrations/simplex/simplex.ts:@Component({
src/pages/integrations/simplex/simplex-details/simplex-details.ts:@Component({
src/pages/integrations/wallet-connect/wallet-connect-settings/wallet-connect-settings.ts:@Component({
src/pages/integrations/wallet-connect/wallet-connect-request-details/wallet-connect-request-details.ts:@Component({
src/pages/integrations/wallet-connect/wallet-connect.ts:@Component({
src/pages/integrations/wyre/wyre.ts:@Component({
src/pages/integrations/wyre/wyre-details/wyre-details.ts:@Component({
src/pages/cards/cards.ts:@Component({
src/pages/home/price-page/price-page.ts:@Component({
src/pages/home/home.ts:@Component({
src/pages/coin-and-wallet-selector/coin-and-wallet-selector.ts:@Component({
src/pages/receive/custom-amount/custom-amount.ts:@Component({
src/pages/new-feature/new-feature.ts:@Component({
src/pages/buy-crypto/crypto-offers/crypto-offers.ts:@Component({
src/pages/buy-crypto/country-selector/country-selector.ts:@Component({
src/pages/buy-crypto/crypto-order-summary/crypto-order-summary.ts:@Component({
src/pages/buy-crypto/crypto-payment-method/crypto-payment-method.ts:@Component({
src/pages/buy-crypto/crypto-settings/crypto-settings.ts:@Component({
src/pages/onboarding/collect-email/collect-email.ts:@Component({
src/pages/onboarding/lock-method/lock-method.ts:@Component({
src/pages/onboarding/add-funds/add-funds.ts:@Component({
src/pages/onboarding/recovery-key/recovery-key.ts:@Component({
src/pages/onboarding/disclaimer/disclaimer.ts:@Component({
src/pages/onboarding/feature-education/feature-education.ts:@Component({
src/pages/tabs/tabs.ts:@Component({
src/pages/add/custom-token/add-custom-token-modal/add-custom-token-modal.ts:@Component({
src/pages/add/custom-token/custom-token.ts:@Component({
src/pages/add/custom-token/confirm-add-token-modal/confirm-add-token-modal.ts:@Component({
src/pages/add/create-wallet/create-wallet.ts:@Component({
src/pages/add/import-wallet/import-wallet.ts:@Component({
src/pages/add/join-wallet/join-wallet.ts:@Component({
src/pages/add/select-currency/select-currency.ts:@Component({
src/pages/add/add.ts:@Component({
src/pages/add/copayers/copayers.ts:@Component({
src/pages/add/create-eth-multisig/create-eth-multisig.ts:@Component({
