/mnt/disk273/doc/coding/linters-article/src/app/app.component.ts(180,3): warning @angular-eslint/use-lifecycle-interface : Lifecycle interface 'OnDestroy' should be implemented for method 'ngOnDestroy'. (https://angular.io/styleguide#style-09-01)
/mnt/disk273/doc/coding/linters-article/src/components/action-sheet/action-sheet.ts(27,3): warning @angular-eslint/use-lifecycle-interface : Lifecycle interface 'OnInit' should be implemented for method 'ngOnInit'. (https://angular.io/styleguide#style-09-01)
/mnt/disk273/doc/coding/linters-article/src/components/action-sheet/action-sheet.ts(60,3): warning @angular-eslint/use-lifecycle-interface : Lifecycle interface 'OnDestroy' should be implemented for method 'ngOnDestroy'. (https://angular.io/styleguide#style-09-01)
/mnt/disk273/doc/coding/linters-article/src/components/amount-picker/amount-picker.ts(19,3): warning @angular-eslint/use-lifecycle-interface : Lifecycle interface 'OnInit' should be implemented for method 'ngOnInit'. (https://angular.io/styleguide#style-09-01)
/mnt/disk273/doc/coding/linters-article/src/components/encrypt-password/encrypt-password.ts(5,1): warning import/no-cycle : Dependency cycle detected.
/mnt/disk273/doc/coding/linters-article/src/components/exchange-rates/exchange-rates.ts(4,1): warning import/no-cycle : Dependency cycle detected.
/mnt/disk273/doc/coding/linters-article/src/components/expandable-header/expandable-header.ts(57,3): warning @angular-eslint/use-lifecycle-interface : Lifecycle interface 'OnInit' should be implemented for method 'ngOnInit'. (https://angular.io/styleguide#style-09-01)
/mnt/disk273/doc/coding/linters-article/src/components/expandable-header/expandable-header.ts(66,3): warning @angular-eslint/use-lifecycle-interface : Lifecycle interface 'AfterViewInit' should be implemented for method 'ngAfterViewInit'. (https://angular.io/styleguide#style-09-01)
/mnt/disk273/doc/coding/linters-article/src/components/footer-menu/footer-menu.ts(108,3): warning @angular-eslint/use-lifecycle-interface : Lifecycle interface 'OnInit' should be implemented for method 'ngOnInit'. (https://angular.io/styleguide#style-09-01)
/mnt/disk273/doc/coding/linters-article/src/components/gift-card-discount-text/gift-card-discount-text.ts(53,3): warning @angular-eslint/use-lifecycle-interface : Lifecycle interface 'OnInit' should be implemented for method 'ngOnInit'. (https://angular.io/styleguide#style-09-01)
/mnt/disk273/doc/coding/linters-article/src/components/incoming-data-menu/incoming-data-menu.ts(26,3): warning @angular-eslint/use-lifecycle-interface : Lifecycle interface 'OnInit' should be implemented for method 'ngOnInit'. (https://angular.io/styleguide#style-09-01)
/mnt/disk273/doc/coding/linters-article/src/components/info-sheet/info-sheet.ts(16,3): warning @angular-eslint/use-lifecycle-interface : Lifecycle interface 'AfterViewInit' should be implemented for method 'ngAfterViewInit'. (https://angular.io/styleguide#style-09-01)
/mnt/disk273/doc/coding/linters-article/src/components/label-tip/label-tip.ts(55,3): warning @angular-eslint/use-lifecycle-interface : Lifecycle interface 'OnChanges' should be implemented for method 'ngOnChanges'. (https://angular.io/styleguide#style-09-01)
/mnt/disk273/doc/coding/linters-article/src/components/memo-component/memo-component.ts(19,3): warning @angular-eslint/use-lifecycle-interface : Lifecycle interface 'OnInit' should be implemented for method 'ngOnInit'. (https://angular.io/styleguide#style-09-01)
/mnt/disk273/doc/coding/linters-article/src/components/needs-backup/needs-backup.ts(6,1): warning import/no-cycle : Dependency cycle detected.
/mnt/disk273/doc/coding/linters-article/src/components/options-sheet/options-sheet.ts(19,3): warning @angular-eslint/use-lifecycle-interface : Lifecycle interface 'OnInit' should be implemented for method 'ngOnInit'. (https://angular.io/styleguide#style-09-01)
/mnt/disk273/doc/coding/linters-article/src/components/options-sheet/options-sheet.ts(25,3): warning @angular-eslint/use-lifecycle-interface : Lifecycle interface 'OnDestroy' should be implemented for method 'ngOnDestroy'. (https://angular.io/styleguide#style-09-01)
/mnt/disk273/doc/coding/linters-article/src/components/phone-sheet/phone-sheet.ts(24,3): warning @angular-eslint/use-lifecycle-interface : Lifecycle interface 'OnInit' should be implemented for method 'ngOnInit'. (https://angular.io/styleguide#style-09-01)
/mnt/disk273/doc/coding/linters-article/src/components/wallet-receive/wallet-receive.ts(17,1): warning import/no-cycle : Dependency cycle detected.
/mnt/disk273/doc/coding/linters-article/src/components/wallet-receive/wallet-receive.ts(56,3): warning @angular-eslint/use-lifecycle-interface : Lifecycle interface 'OnInit' should be implemented for method 'ngOnInit'. (https://angular.io/styleguide#style-09-01)
/mnt/disk273/doc/coding/linters-article/src/components/wallet-selector/wallet-selector.ts(22,3): warning @angular-eslint/use-lifecycle-interface : Lifecycle interface 'OnInit' should be implemented for method 'ngOnInit'. (https://angular.io/styleguide#style-09-01)
/mnt/disk273/doc/coding/linters-article/src/components/wallet-tab-options/wallet-tab-options.ts(14,3): warning @angular-eslint/use-lifecycle-interface : Lifecycle interface 'OnInit' should be implemented for method 'ngOnInit'. (https://angular.io/styleguide#style-09-01)
/mnt/disk273/doc/coding/linters-article/src/directives/fixed-scroll-bg-color/fixed-scroll-bg-color.ts(28,3): warning @angular-eslint/use-lifecycle-interface : Lifecycle interface 'OnChanges' should be implemented for method 'ngOnChanges'. (https://angular.io/styleguide#style-09-01)
/mnt/disk273/doc/coding/linters-article/src/directives/ion-content-background-color/ion-content-background-color.ts(14,3): warning @angular-eslint/use-lifecycle-interface : Lifecycle interface 'OnChanges' should be implemented for method 'ngOnChanges'. (https://angular.io/styleguide#style-09-01)
/mnt/disk273/doc/coding/linters-article/src/directives/ion-mask/ion-mask.ts(18,10): warning @angular-eslint/use-lifecycle-interface : Lifecycle interface 'OnInit' should be implemented for method 'ngOnInit'. (https://angular.io/styleguide#style-09-01)
/mnt/disk273/doc/coding/linters-article/src/directives/ion-mask/ion-mask.ts(22,3): warning @angular-eslint/use-lifecycle-interface : Lifecycle interface 'OnChanges' should be implemented for method 'ngOnChanges'. (https://angular.io/styleguide#style-09-01)
/mnt/disk273/doc/coding/linters-article/src/directives/ion-mask/ion-mask.ts(27,10): warning @angular-eslint/use-lifecycle-interface : Lifecycle interface 'OnDestroy' should be implemented for method 'ngOnDestroy'. (https://angular.io/styleguide#style-09-01)
/mnt/disk273/doc/coding/linters-article/src/directives/navbar-bg/navbar-bg.ts(17,3): warning @angular-eslint/use-lifecycle-interface : Lifecycle interface 'OnChanges' should be implemented for method 'ngOnChanges'. (https://angular.io/styleguide#style-09-01)
/mnt/disk273/doc/coding/linters-article/src/directives/reveal-at-scroll-pos/reveal-at-scroll-pos.ts(18,3): warning @angular-eslint/use-lifecycle-interface : Lifecycle interface 'AfterViewInit' should be implemented for method 'ngAfterViewInit'. (https://angular.io/styleguide#style-09-01)
/mnt/disk273/doc/coding/linters-article/src/directives/scrolled-into-view/scrolled-into-view.ts(24,3): warning @angular-eslint/use-lifecycle-interface : Lifecycle interface 'AfterViewInit' should be implemented for method 'ngAfterViewInit'. (https://angular.io/styleguide#style-09-01)
/mnt/disk273/doc/coding/linters-article/src/pages/add/copayers/copayers.ts(70,3): warning @angular-eslint/use-lifecycle-interface : Lifecycle interface 'OnInit' should be implemented for method 'ngOnInit'. (https://angular.io/styleguide#style-09-01)
/mnt/disk273/doc/coding/linters-article/src/pages/add/copayers/copayers.ts(86,3): warning @angular-eslint/use-lifecycle-interface : Lifecycle interface 'OnDestroy' should be implemented for method 'ngOnDestroy'. (https://angular.io/styleguide#style-09-01)
/mnt/disk273/doc/coding/linters-article/src/pages/add/create-eth-multisig/create-eth-multisig.ts(62,3): warning @angular-eslint/use-lifecycle-interface : Lifecycle interface 'OnDestroy' should be implemented for method 'ngOnDestroy'. (https://angular.io/styleguide#style-09-01)
/mnt/disk273/doc/coding/linters-article/src/pages/add/import-wallet/import-wallet.ts(124,3): warning @angular-eslint/use-lifecycle-interface : Lifecycle interface 'OnDestroy' should be implemented for method 'ngOnDestroy'. (https://angular.io/styleguide#style-09-01)
/mnt/disk273/doc/coding/linters-article/src/pages/add/join-wallet/join-wallet.ts(139,3): warning @angular-eslint/use-lifecycle-interface : Lifecycle interface 'OnDestroy' should be implemented for method 'ngOnDestroy'. (https://angular.io/styleguide#style-09-01)
/mnt/disk273/doc/coding/linters-article/src/pages/buy-crypto/crypto-order-summary/crypto-order-summary.ts(24,1): warning import/no-cycle : Dependency cycle detected.
/mnt/disk273/doc/coding/linters-article/src/pages/buy-crypto/crypto-order-summary/crypto-order-summary.ts(26,1): warning import/no-cycle : Dependency cycle detected.
/mnt/disk273/doc/coding/linters-article/src/pages/buy-crypto/crypto-payment-method/crypto-payment-method.ts(11,1): warning import/no-cycle : Dependency cycle detected.
/mnt/disk273/doc/coding/linters-article/src/pages/choose-fee-level/choose-fee-level.ts(71,3): warning @angular-eslint/use-lifecycle-interface : Lifecycle interface 'OnInit' should be implemented for method 'ngOnInit'. (https://angular.io/styleguide#style-09-01)
/mnt/disk273/doc/coding/linters-article/src/pages/exchange-crypto/exchange-crypto.ts(184,3): warning @angular-eslint/use-lifecycle-interface : Lifecycle interface 'OnDestroy' should be implemented for method 'ngOnDestroy'. (https://angular.io/styleguide#style-09-01)
/mnt/disk273/doc/coding/linters-article/src/pages/home/price-page/price-page.ts(8,1): warning import/no-cycle : Dependency cycle detected.
/mnt/disk273/doc/coding/linters-article/src/pages/integrations/gift-cards/buy-card/buy-card.ts(32,9): warning @angular-eslint/use-lifecycle-interface : Lifecycle interface 'OnInit' should be implemented for method 'ngOnInit'. (https://angular.io/styleguide#style-09-01)
/mnt/disk273/doc/coding/linters-article/src/pages/integrations/gift-cards/card-catalog/card-catalog.ts(71,3): warning @angular-eslint/use-lifecycle-interface : Lifecycle interface 'OnInit' should be implemented for method 'ngOnInit'. (https://angular.io/styleguide#style-09-01)
/mnt/disk273/doc/coding/linters-article/src/pages/integrations/gift-cards/card-details/card-details.ts(71,9): warning @angular-eslint/use-lifecycle-interface : Lifecycle interface 'OnInit' should be implemented for method 'ngOnInit'. (https://angular.io/styleguide#style-09-01)
/mnt/disk273/doc/coding/linters-article/src/pages/integrations/gift-cards/card-details/printable-card/printable-card.ts(44,3): warning @angular-eslint/use-lifecycle-interface : Lifecycle interface 'AfterViewInit' should be implemented for method 'ngAfterViewInit'. (https://angular.io/styleguide#style-09-01)
/mnt/disk273/doc/coding/linters-article/src/pages/integrations/gift-cards/confirm-card-purchase/confirm-card-purchase.ts(193,9): warning @angular-eslint/use-lifecycle-interface : Lifecycle interface 'OnInit' should be implemented for method 'ngOnInit'. (https://angular.io/styleguide#style-09-01)
/mnt/disk273/doc/coding/linters-article/src/pages/integrations/gift-cards/gift-cards-settings/gift-cards-settings.ts(28,9): warning @angular-eslint/use-lifecycle-interface : Lifecycle interface 'OnInit' should be implemented for method 'ngOnInit'. (https://angular.io/styleguide#style-09-01)
/mnt/disk273/doc/coding/linters-article/src/pages/integrations/gift-cards/home-gift-cards/gift-card-item/gift-card-item.ts(51,9): warning @angular-eslint/use-lifecycle-interface : Lifecycle interface 'AfterViewInit' should be implemented for method 'ngAfterViewInit'. (https://angular.io/styleguide#style-09-01)
/mnt/disk273/doc/coding/linters-article/src/pages/integrations/gift-cards/phone/phone.ts(54,9): warning @angular-eslint/use-lifecycle-interface : Lifecycle interface 'OnInit' should be implemented for method 'ngOnInit'. (https://angular.io/styleguide#style-09-01)
/mnt/disk273/doc/coding/linters-article/src/pages/integrations/gift-cards/purchased-cards/card-list-item/card-list-item.ts(121,9): warning @angular-eslint/use-lifecycle-interface : Lifecycle interface 'OnInit' should be implemented for method 'ngOnInit'. (https://angular.io/styleguide#style-09-01)
/mnt/disk273/doc/coding/linters-article/src/pages/integrations/gift-cards/purchased-cards/purchased-cards.ts(33,9): warning @angular-eslint/use-lifecycle-interface : Lifecycle interface 'OnInit' should be implemented for method 'ngOnInit'. (https://angular.io/styleguide#style-09-01)
/mnt/disk273/doc/coding/linters-article/src/pages/integrations/wallet-connect/wallet-connect.ts(158,3): warning @angular-eslint/use-lifecycle-interface : Lifecycle interface 'OnDestroy' should be implemented for method 'ngOnDestroy'. (https://angular.io/styleguide#style-09-01)
/mnt/disk273/doc/coding/linters-article/src/pages/merchant/merchant.ts(24,9): warning @angular-eslint/use-lifecycle-interface : Lifecycle interface 'OnInit' should be implemented for method 'ngOnInit'. (https://angular.io/styleguide#style-09-01)
/mnt/disk273/doc/coding/linters-article/src/pages/pin/pin-dots/pin-dots.component.ts(30,3): warning @angular-eslint/use-lifecycle-interface : Lifecycle interface 'OnChanges' should be implemented for method 'ngOnChanges'. (https://angular.io/styleguide#style-09-01)
/mnt/disk273/doc/coding/linters-article/src/pages/send/amount/amount.ts(34,1): warning import/no-cycle : Dependency cycle detected.
/mnt/disk273/doc/coding/linters-article/src/pages/send/confirm/confirm.ts(219,3): warning @angular-eslint/use-lifecycle-interface : Lifecycle interface 'OnInit' should be implemented for method 'ngOnInit'. (https://angular.io/styleguide#style-09-01)
/mnt/disk273/doc/coding/linters-article/src/pages/send/confirm/confirm.ts(219,3): error @angular-eslint/no-empty-lifecycle-method : Lifecycle methods should not be empty
/mnt/disk273/doc/coding/linters-article/src/pages/send/confirm/confirm.ts(233,3): warning @angular-eslint/use-lifecycle-interface : Lifecycle interface 'OnDestroy' should be implemented for method 'ngOnDestroy'. (https://angular.io/styleguide#style-09-01)
/mnt/disk273/doc/coding/linters-article/src/pages/send/multi-send/multi-send.ts(103,3): warning @angular-eslint/use-lifecycle-interface : Lifecycle interface 'OnDestroy' should be implemented for method 'ngOnDestroy'. (https://angular.io/styleguide#style-09-01)
/mnt/disk273/doc/coding/linters-article/src/pages/send/select-inputs/select-inputs.ts(101,3): warning @angular-eslint/use-lifecycle-interface : Lifecycle interface 'OnDestroy' should be implemented for method 'ngOnDestroy'. (https://angular.io/styleguide#style-09-01)
/mnt/disk273/doc/coding/linters-article/src/pages/send/send.ts(37,1): warning import/no-cycle : Dependency cycle detected.
/mnt/disk273/doc/coding/linters-article/src/pages/send/send.ts(124,3): warning @angular-eslint/use-lifecycle-interface : Lifecycle interface 'OnDestroy' should be implemented for method 'ngOnDestroy'. (https://angular.io/styleguide#style-09-01)
/mnt/disk273/doc/coding/linters-article/src/pages/settings/addressbook/add/add.ts(136,3): warning @angular-eslint/use-lifecycle-interface : Lifecycle interface 'OnDestroy' should be implemented for method 'ngOnDestroy'. (https://angular.io/styleguide#style-09-01)
/mnt/disk273/doc/coding/linters-article/src/pages/settings/settings.ts(132,3): warning @angular-eslint/use-lifecycle-interface : Lifecycle interface 'OnInit' should be implemented for method 'ngOnInit'. (https://angular.io/styleguide#style-09-01)
/mnt/disk273/doc/coding/linters-article/src/pages/settings/wallet-settings/wallet-settings-advanced/wallet-addresses/wallet-addresses.ts(14,1): warning import/no-cycle : Dependency cycle detected.
/mnt/disk273/doc/coding/linters-article/src/pages/tabs/tabs.ts(159,3): warning @angular-eslint/use-lifecycle-interface : Lifecycle interface 'OnInit' should be implemented for method 'ngOnInit'. (https://angular.io/styleguide#style-09-01)
/mnt/disk273/doc/coding/linters-article/src/pages/tabs/tabs.ts(180,3): warning @angular-eslint/use-lifecycle-interface : Lifecycle interface 'OnDestroy' should be implemented for method 'ngOnDestroy'. (https://angular.io/styleguide#style-09-01)
/mnt/disk273/doc/coding/linters-article/src/pages/wallet-details/wallet-details.ts(42,1): warning import/no-cycle : Dependency cycle detected.
/mnt/disk273/doc/coding/linters-article/src/pages/wallet-details/wallet-details.ts(43,1): warning import/no-cycle : Dependency cycle detected.
/mnt/disk273/doc/coding/linters-article/src/pages/wallet-details/wallet-details.ts(249,3): warning @angular-eslint/use-lifecycle-interface : Lifecycle interface 'OnDestroy' should be implemented for method 'ngOnDestroy'. (https://angular.io/styleguide#style-09-01)
/mnt/disk273/doc/coding/linters-article/src/pages/wallets/proposals-notifications/proposals-notifications.ts(116,3): warning @angular-eslint/use-lifecycle-interface : Lifecycle interface 'OnDestroy' should be implemented for method 'ngOnDestroy'. (https://angular.io/styleguide#style-09-01)
/mnt/disk273/doc/coding/linters-article/src/pages/wallets/wallets.ts(182,3): warning @angular-eslint/use-lifecycle-interface : Lifecycle interface 'OnDestroy' should be implemented for method 'ngOnDestroy'. (https://angular.io/styleguide#style-09-01)
/mnt/disk273/doc/coding/linters-article/src/providers/action-sheet/action-sheet.ts(4,1): warning import/no-cycle : Dependency cycle detected.
/mnt/disk273/doc/coding/linters-article/src/providers/action-sheet/action-sheet.ts(10,1): warning import/no-cycle : Dependency cycle detected.
/mnt/disk273/doc/coding/linters-article/src/providers/action-sheet/action-sheet.ts(13,1): warning import/no-cycle : Dependency cycle detected.
/mnt/disk273/doc/coding/linters-article/src/providers/currency/coin.ts(1,1): warning import/no-cycle : Dependency cycle detected.
/mnt/disk273/doc/coding/linters-article/src/providers/currency/currency.ts(4,1): warning import/no-cycle : Dependency cycle detected.
