/mnt/disk273/doc/coding/linters-article/src/app/app.component.spec.ts
/mnt/disk273/doc/coding/linters-article/src/app/app.component.ts
/mnt/disk273/doc/coding/linters-article/src/components/chart-component/chart-component.ts
/mnt/disk273/doc/coding/linters-article/src/components/expandable-header/expandable-header.spec.ts
/mnt/disk273/doc/coding/linters-article/src/components/footer-menu/footer-menu.ts
/mnt/disk273/doc/coding/linters-article/src/components/price-chart/price-chart.ts
/mnt/disk273/doc/coding/linters-article/src/components/wallet-item-content/wallet-item-content.ts
/mnt/disk273/doc/coding/linters-article/src/pages/add/create-wallet/create-wallet.ts
/mnt/disk273/doc/coding/linters-article/src/pages/add/custom-token/custom-token.ts
/mnt/disk273/doc/coding/linters-article/src/pages/add/import-wallet/import-wallet.spec.ts
/mnt/disk273/doc/coding/linters-article/src/pages/add/import-wallet/import-wallet.ts
/mnt/disk273/doc/coding/linters-article/src/pages/add/join-wallet/join-wallet.ts
/mnt/disk273/doc/coding/linters-article/src/pages/backup/backup-key/backup-key.ts
/mnt/disk273/doc/coding/linters-article/src/pages/buy-crypto/country-selector/country-selector.ts
/mnt/disk273/doc/coding/linters-article/src/pages/buy-crypto/crypto-offers/crypto-offers.ts
/mnt/disk273/doc/coding/linters-article/src/pages/buy-crypto/crypto-order-summary/crypto-order-summary.ts
/mnt/disk273/doc/coding/linters-article/src/pages/cards/cards.ts
/mnt/disk273/doc/coding/linters-article/src/pages/coin-and-wallet-selector/coin-and-wallet-selector.ts
/mnt/disk273/doc/coding/linters-article/src/pages/exchange-crypto/exchange-checkout/exchange-checkout.ts
/mnt/disk273/doc/coding/linters-article/src/pages/exchange-crypto/exchange-crypto.ts
/mnt/disk273/doc/coding/linters-article/src/pages/feedback/send-feedback/send-feedback.ts
/mnt/disk273/doc/coding/linters-article/src/pages/home/home.ts
/mnt/disk273/doc/coding/linters-article/src/pages/integrations/bitpay-card/bitpay-card-intro/bitpay-card-intro.ts
/mnt/disk273/doc/coding/linters-article/src/pages/integrations/bitpay-card/bitpay-card-topup/bitpay-card-topup.ts
/mnt/disk273/doc/coding/linters-article/src/pages/integrations/coinbase/coinbase-account/coinbase-account.ts
/mnt/disk273/doc/coding/linters-article/src/pages/integrations/gift-cards/confirm-card-purchase/confirm-card-purchase.ts
/mnt/disk273/doc/coding/linters-article/src/pages/integrations/gift-cards/purchased-cards/card-list-item/card-list-item.ts
/mnt/disk273/doc/coding/linters-article/src/pages/integrations/wallet-connect/wallet-connect-request-details/wallet-connect-request-details.ts
/mnt/disk273/doc/coding/linters-article/src/pages/integrations/wallet-connect/wallet-connect.ts
/mnt/disk273/doc/coding/linters-article/src/pages/integrations/wyre/wyre-details/wyre-details.ts
/mnt/disk273/doc/coding/linters-article/src/pages/integrations/wyre/wyre.ts
/mnt/disk273/doc/coding/linters-article/src/pages/paper-wallet/paper-wallet.ts
/mnt/disk273/doc/coding/linters-article/src/pages/receive/custom-amount/custom-amount.ts
/mnt/disk273/doc/coding/linters-article/src/pages/scan/scan.ts
/mnt/disk273/doc/coding/linters-article/src/pages/send/amount/amount.spec.ts
/mnt/disk273/doc/coding/linters-article/src/pages/send/amount/amount.ts
/mnt/disk273/doc/coding/linters-article/src/pages/send/confirm/confirm.spec.ts
/mnt/disk273/doc/coding/linters-article/src/pages/send/confirm/confirm.ts
/mnt/disk273/doc/coding/linters-article/src/pages/send/multi-send/multi-send.ts
/mnt/disk273/doc/coding/linters-article/src/pages/send/select-inputs/select-inputs.ts
/mnt/disk273/doc/coding/linters-article/src/pages/send/send.spec.ts
/mnt/disk273/doc/coding/linters-article/src/pages/send/send.ts
/mnt/disk273/doc/coding/linters-article/src/pages/send/transfer-to/transfer-to.spec.ts
/mnt/disk273/doc/coding/linters-article/src/pages/settings/about/about.spec.ts
/mnt/disk273/doc/coding/linters-article/src/pages/settings/about/session-log/session-log.spec.ts
/mnt/disk273/doc/coding/linters-article/src/pages/settings/alt-currency/alt-currency.ts
/mnt/disk273/doc/coding/linters-article/src/pages/settings/language/language.spec.ts
/mnt/disk273/doc/coding/linters-article/src/pages/settings/notifications/notifications.spec.ts
/mnt/disk273/doc/coding/linters-article/src/pages/settings/settings.ts
/mnt/disk273/doc/coding/linters-article/src/pages/settings/share/share.ts
/mnt/disk273/doc/coding/linters-article/src/pages/settings/wallet-settings/wallet-settings-advanced/wallet-addresses/all-addresses/all-addresses.ts
/mnt/disk273/doc/coding/linters-article/src/pages/settings/wallet-settings/wallet-settings-advanced/wallet-addresses/wallet-addresses.ts
/mnt/disk273/doc/coding/linters-article/src/pages/settings/wallet-settings/wallet-settings-advanced/wallet-duplicate/wallet-duplicate.ts
/mnt/disk273/doc/coding/linters-article/src/pages/settings/wallet-settings/wallet-settings-advanced/wallet-export/wallet-export.ts
/mnt/disk273/doc/coding/linters-article/src/pages/settings/wallet-settings/wallet-settings-advanced/wallet-transaction-history/wallet-transaction-history.ts
/mnt/disk273/doc/coding/linters-article/src/pages/tabs/tabs.ts
/mnt/disk273/doc/coding/linters-article/src/pages/token-swap/token-swap-approve/token-swap-approve.ts
/mnt/disk273/doc/coding/linters-article/src/pages/token-swap/token-swap-checkout/token-swap-checkout.ts
/mnt/disk273/doc/coding/linters-article/src/pages/tx-details/tx-details.ts
/mnt/disk273/doc/coding/linters-article/src/pages/txp-details/txp-details.ts
/mnt/disk273/doc/coding/linters-article/src/pages/wallet-details/wallet-details.spec.ts
/mnt/disk273/doc/coding/linters-article/src/pages/wallet-details/wallet-details.ts
/mnt/disk273/doc/coding/linters-article/src/pages/wallets/proposals-notifications/proposals-notifications.ts
/mnt/disk273/doc/coding/linters-article/src/pages/wallets/wallets.ts
/mnt/disk273/doc/coding/linters-article/src/pipes/order-by.ts
/mnt/disk273/doc/coding/linters-article/src/providers/address/address.spec.ts
/mnt/disk273/doc/coding/linters-article/src/providers/address/address.ts
/mnt/disk273/doc/coding/linters-article/src/providers/address-book/address-book.spec.ts
/mnt/disk273/doc/coding/linters-article/src/providers/address-book/address-book.ts
/mnt/disk273/doc/coding/linters-article/src/providers/analytics/analytics.ts
/mnt/disk273/doc/coding/linters-article/src/providers/app/app.spec.ts
/mnt/disk273/doc/coding/linters-article/src/providers/app-identity/app-identity.spec.ts
/mnt/disk273/doc/coding/linters-article/src/providers/backup/backup.spec.ts
/mnt/disk273/doc/coding/linters-article/src/providers/bitpay-account/bitpay-account.ts
/mnt/disk273/doc/coding/linters-article/src/providers/bitpay-card/bitpay-card.ts
/mnt/disk273/doc/coding/linters-article/src/providers/bitpay-id/bitpay-id.ts
/mnt/disk273/doc/coding/linters-article/src/providers/buy-crypto/buy-crypto.ts
/mnt/disk273/doc/coding/linters-article/src/providers/bwc-error/bwc-error.spec.ts
/mnt/disk273/doc/coding/linters-article/src/providers/bwc-error/bwc-error.ts
/mnt/disk273/doc/coding/linters-article/src/providers/changelly/changelly.ts
/mnt/disk273/doc/coding/linters-article/src/providers/clipboard/clipboard.spec.ts
/mnt/disk273/doc/coding/linters-article/src/providers/coinbase/coinbase.ts
/mnt/disk273/doc/coding/linters-article/src/providers/config/config.spec.ts
/mnt/disk273/doc/coding/linters-article/src/providers/config/config.ts
/mnt/disk273/doc/coding/linters-article/src/providers/currency/coin.ts
/mnt/disk273/doc/coding/linters-article/src/providers/currency/currency.ts
/mnt/disk273/doc/coding/linters-article/src/providers/derivation-path-helper/derivation-path-helper.spec.ts
/mnt/disk273/doc/coding/linters-article/src/providers/download/download.spec.ts
/mnt/disk273/doc/coding/linters-article/src/providers/email-notifications/email-notifications.spec.ts
/mnt/disk273/doc/coding/linters-article/src/providers/feedback/feedback.spec.ts
/mnt/disk273/doc/coding/linters-article/src/providers/fee/fee.spec.ts
/mnt/disk273/doc/coding/linters-article/src/providers/fee/fee.ts
/mnt/disk273/doc/coding/linters-article/src/providers/gift-card/gift-card.spec.ts
/mnt/disk273/doc/coding/linters-article/src/providers/gift-card/gift-card.ts
/mnt/disk273/doc/coding/linters-article/src/providers/in-app-browser/card.ts
/mnt/disk273/doc/coding/linters-article/src/providers/in-app-browser/in-app-browser.ts
/mnt/disk273/doc/coding/linters-article/src/providers/incoming-data/incoming-data.spec.ts
/mnt/disk273/doc/coding/linters-article/src/providers/incoming-data/incoming-data.ts
/mnt/disk273/doc/coding/linters-article/src/providers/key/key.spec.ts
/mnt/disk273/doc/coding/linters-article/src/providers/language/language.spec.ts
/mnt/disk273/doc/coding/linters-article/src/providers/logger/logger.spec.ts
/mnt/disk273/doc/coding/linters-article/src/providers/new-feature-data/new-feature-data.ts
/mnt/disk273/doc/coding/linters-article/src/providers/on-going-process/on-going-process.ts
/mnt/disk273/doc/coding/linters-article/src/providers/paypro/paypro.spec.ts
/mnt/disk273/doc/coding/linters-article/src/providers/paypro/paypro.ts
/mnt/disk273/doc/coding/linters-article/src/providers/persistence/persistence.spec.ts
/mnt/disk273/doc/coding/linters-article/src/providers/persistence/persistence.ts
/mnt/disk273/doc/coding/linters-article/src/providers/platform/platform.spec.ts
/mnt/disk273/doc/coding/linters-article/src/providers/popup/popup.spec.ts
/mnt/disk273/doc/coding/linters-article/src/providers/popup/popup.ts
/mnt/disk273/doc/coding/linters-article/src/providers/profile/profile.spec.ts
/mnt/disk273/doc/coding/linters-article/src/providers/profile/profile.ts
/mnt/disk273/doc/coding/linters-article/src/providers/push-notifications/push-notifications.ts
/mnt/disk273/doc/coding/linters-article/src/providers/rate/rate.spec.ts
/mnt/disk273/doc/coding/linters-article/src/providers/rate/rate.ts
/mnt/disk273/doc/coding/linters-article/src/providers/release/release.spec.ts
/mnt/disk273/doc/coding/linters-article/src/providers/replace-parameters/replace-parameters.spec.ts
/mnt/disk273/doc/coding/linters-article/src/providers/scan/scan.spec.ts
/mnt/disk273/doc/coding/linters-article/src/providers/simplex/simplex.ts
/mnt/disk273/doc/coding/linters-article/src/providers/tx-confirm-notification/tx-confirm-notification.spec.ts
/mnt/disk273/doc/coding/linters-article/src/providers/tx-format/tx-format.spec.ts
/mnt/disk273/doc/coding/linters-article/src/providers/tx-format/tx-format.ts
/mnt/disk273/doc/coding/linters-article/src/providers/wallet-connect/wallet-connect.ts
/mnt/disk273/doc/coding/linters-article/src/providers/wallet/mocks/pending-txp.mock.ts
/mnt/disk273/doc/coding/linters-article/src/providers/wallet/wallet.spec.ts
/mnt/disk273/doc/coding/linters-article/src/providers/wallet/wallet.ts
/mnt/disk273/doc/coding/linters-article/src/providers/wyre/wyre.ts
/mnt/disk273/doc/coding/linters-article/src/test.ts
