
@angular-eslint/component-class-suffix
@angular-eslint/directive-class-suffix
@angular-eslint/no-empty-lifecycle-method
@angular-eslint/no-host-metadata-property
@angular-eslint/no-input-rename
@angular-eslint/no-inputs-metadata-property
@angular-eslint/use-lifecycle-interface
array-callback-return
camelcase
comma-dangle
complexity
curly
default-case-last
dot-notation
eqeqeq
functional/no-method-signature
function-paren-newline
import/no-cycle
import/no-duplicates
max-depth
max-lines
max-lines-per-function
max-params
max-statements
n/no-callback-literal
no-async-promise-executor
no-await-in-loop
no-case-declarations
no-confusing-arrow
no-console
no-control-regex
no-empty
no-empty-pattern
no-eval
no-extra-bind
no-extra-boolean-cast
no-multi-assign
no-new
no-prototype-builtins
no-restricted-imports
no-self-assign
no-shadow
no-throw-literal
no-undefined
no-unneeded-ternary
no-unused-expressions
no-useless-catch
no-useless-computed-key
no-useless-escape
no-useless-return
no-var
one-var
padding-line-between-statements
prefer-promise-reject-errors
prefer-regex-literals
prefer-rest-params
prefer-spread
promise/always-return
promise/avoid-new
promise/catch-or-return
promise/no-callback-in-promise
promise/no-nesting
promise/no-promise-in-callback
promise/no-return-wrap
promise/param-names
promise/prefer-await-to-then
promise/valid-params
require-await
@typescript-eslint/ban-ts-comment
@typescript-eslint/ban-types
@typescript-eslint/explicit-function-return-type
@typescript-eslint/explicit-module-boundary-types
@typescript-eslint/naming-convention
@typescript-eslint/no-empty-function
@typescript-eslint/no-explicit-any
@typescript-eslint/no-inferrable-types
@typescript-eslint/no-loss-of-precision
@typescript-eslint/no-unused-vars
@typescript-eslint/promise-function-async
@typescript-eslint/require-await
@typescript-eslint/typedef
