/mnt/disk273/doc/coding/linters-article/src/app/app.component.spec.ts
/mnt/disk273/doc/coding/linters-article/src/app/app.component.ts
/mnt/disk273/doc/coding/linters-article/src/components/action-sheet/action-sheet.ts
/mnt/disk273/doc/coding/linters-article/src/components/action-sheets.ts
/mnt/disk273/doc/coding/linters-article/src/components/balance-to-show/balance-to-show.ts
/mnt/disk273/doc/coding/linters-article/src/components/chart-component/chart-component.ts
/mnt/disk273/doc/coding/linters-article/src/components/coin-icon/coin-icon.ts
/mnt/disk273/doc/coding/linters-article/src/components/components.ts
/mnt/disk273/doc/coding/linters-article/src/components/email-component/email-component.ts
/mnt/disk273/doc/coding/linters-article/src/components/encrypt-password/encrypt-password.ts
/mnt/disk273/doc/coding/linters-article/src/components/exchange-rates/exchange-rates.ts
/mnt/disk273/doc/coding/linters-article/src/components/expandable-header/expandable-header.spec.ts
/mnt/disk273/doc/coding/linters-article/src/components/expandable-header/expandable-header.ts
/mnt/disk273/doc/coding/linters-article/src/components/footer-menu/footer-menu.ts
/mnt/disk273/doc/coding/linters-article/src/components/gift-card-discount-text/gift-card-discount-text.ts
/mnt/disk273/doc/coding/linters-article/src/components/info-sheet/info-sheet-template.ts
/mnt/disk273/doc/coding/linters-article/src/components/info-sheet/info-sheet.ts
/mnt/disk273/doc/coding/linters-article/src/components/miner-fee-warning/miner-fee-warning.ts
/mnt/disk273/doc/coding/linters-article/src/components/needs-backup/needs-backup.ts
/mnt/disk273/doc/coding/linters-article/src/components/notification-component/notification-component.ts
/mnt/disk273/doc/coding/linters-article/src/components/notification-component/transitions/on-enter-translate.transition.ts
/mnt/disk273/doc/coding/linters-article/src/components/notification-component/transitions/on-leave-translate.transition.ts
/mnt/disk273/doc/coding/linters-article/src/components/options-sheet/options-sheet.ts
/mnt/disk273/doc/coding/linters-article/src/components/phone-sheet/phone-sheet.ts
/mnt/disk273/doc/coding/linters-article/src/components/price-chart/price-chart.ts
/mnt/disk273/doc/coding/linters-article/src/components/search-bar/search-bar.ts
/mnt/disk273/doc/coding/linters-article/src/components/wallet-item-content/wallet-item-content.ts
/mnt/disk273/doc/coding/linters-article/src/components/wallet-receive/wallet-receive.ts
/mnt/disk273/doc/coding/linters-article/src/components/wallet-selector/wallet-selector.ts
/mnt/disk273/doc/coding/linters-article/src/constants.ts
/mnt/disk273/doc/coding/linters-article/src/directives/copy-to-clipboard/copy-to-clipboard.ts
/mnt/disk273/doc/coding/linters-article/src/directives/externalize-links/externalize-links.ts
/mnt/disk273/doc/coding/linters-article/src/directives/fixed-scroll-bg-color/fixed-scroll-bg-color.ts
/mnt/disk273/doc/coding/linters-article/src/directives/ion-content-background-color/ion-content-background-color.ts
/mnt/disk273/doc/coding/linters-article/src/directives/ion-mask/ion-mask.ts
/mnt/disk273/doc/coding/linters-article/src/directives/long-press/long-press.ts
/mnt/disk273/doc/coding/linters-article/src/directives/navbar-bg/navbar-bg.spec.ts
/mnt/disk273/doc/coding/linters-article/src/directives/navbar-bg/navbar-bg.ts
/mnt/disk273/doc/coding/linters-article/src/directives/no-low-fee/no-low-fee.ts
/mnt/disk273/doc/coding/linters-article/src/directives/reveal-at-scroll-pos/reveal-at-scroll-pos.ts
/mnt/disk273/doc/coding/linters-article/src/directives/scrolled-into-view/scrolled-into-view.ts
/mnt/disk273/doc/coding/linters-article/src/models/profile/profile.model.ts
/mnt/disk273/doc/coding/linters-article/src/pages/add/copayers/copayers.ts
/mnt/disk273/doc/coding/linters-article/src/pages/add/create-eth-multisig/create-eth-multisig.ts
/mnt/disk273/doc/coding/linters-article/src/pages/add/create-wallet/create-wallet.spec.ts
/mnt/disk273/doc/coding/linters-article/src/pages/add/create-wallet/create-wallet.ts
/mnt/disk273/doc/coding/linters-article/src/pages/add/custom-token/add-custom-token-modal/add-custom-token-modal.ts
/mnt/disk273/doc/coding/linters-article/src/pages/add/custom-token/custom-token.spec.ts
/mnt/disk273/doc/coding/linters-article/src/pages/add/custom-token/custom-token.ts
/mnt/disk273/doc/coding/linters-article/src/pages/add/import-wallet/import-wallet.spec.ts
/mnt/disk273/doc/coding/linters-article/src/pages/add/import-wallet/import-wallet.ts
/mnt/disk273/doc/coding/linters-article/src/pages/add/join-wallet/join-wallet.ts
/mnt/disk273/doc/coding/linters-article/src/pages/add/select-currency/select-currency.ts
/mnt/disk273/doc/coding/linters-article/src/pages/add-wallet/add-wallet.ts
/mnt/disk273/doc/coding/linters-article/src/pages/backup/backup-game/backup-game.ts
/mnt/disk273/doc/coding/linters-article/src/pages/backup/backup-key/backup-key.ts
/mnt/disk273/doc/coding/linters-article/src/pages/buy-crypto/country-selector/country-selector.ts
/mnt/disk273/doc/coding/linters-article/src/pages/buy-crypto/crypto-offers/crypto-offers.ts
/mnt/disk273/doc/coding/linters-article/src/pages/buy-crypto/crypto-order-summary/crypto-order-summary.ts
/mnt/disk273/doc/coding/linters-article/src/pages/buy-crypto/crypto-payment-method/crypto-payment-method.ts
/mnt/disk273/doc/coding/linters-article/src/pages/buy-crypto/crypto-settings/crypto-settings.ts
/mnt/disk273/doc/coding/linters-article/src/pages/cards/cards.ts
/mnt/disk273/doc/coding/linters-article/src/pages/choose-fee-level/choose-fee-level.ts
/mnt/disk273/doc/coding/linters-article/src/pages/coin-and-wallet-selector/coin-and-wallet-selector.ts
/mnt/disk273/doc/coding/linters-article/src/pages/exchange-crypto/exchange-checkout/exchange-checkout.ts
/mnt/disk273/doc/coding/linters-article/src/pages/exchange-crypto/exchange-crypto-settings/exchange-crypto-settings.ts
/mnt/disk273/doc/coding/linters-article/src/pages/exchange-crypto/exchange-crypto.ts
/mnt/disk273/doc/coding/linters-article/src/pages/feedback/send-feedback/send-feedback.spec.ts
/mnt/disk273/doc/coding/linters-article/src/pages/feedback/send-feedback/send-feedback.ts
/mnt/disk273/doc/coding/linters-article/src/pages/fingerprint/fingerprint.ts
/mnt/disk273/doc/coding/linters-article/src/pages/home/home.ts
/mnt/disk273/doc/coding/linters-article/src/pages/home/price-page/price-page.ts
/mnt/disk273/doc/coding/linters-article/src/pages/includes/card-item/card-item.ts
/mnt/disk273/doc/coding/linters-article/src/pages/includes/feedback-card/feedback-card.ts
/mnt/disk273/doc/coding/linters-article/src/pages/includes/multiple-outputs/multiple-outputs.ts
/mnt/disk273/doc/coding/linters-article/src/pages/includes/txp/txp.ts
/mnt/disk273/doc/coding/linters-article/src/pages/integrations/bitpay-card/bitpay-card-home/bitpay-card-home.ts
/mnt/disk273/doc/coding/linters-article/src/pages/integrations/bitpay-card/bitpay-card-intro/bitpay-card-intro.ts
/mnt/disk273/doc/coding/linters-article/src/pages/integrations/bitpay-card/bitpay-card-phases/phase-one/phase-one-intro-page/phase-one-intro-page.ts
/mnt/disk273/doc/coding/linters-article/src/pages/integrations/bitpay-card/bitpay-card-topup/bitpay-card-topup.ts
/mnt/disk273/doc/coding/linters-article/src/pages/integrations/bitpay-card/bitpay-card.ts
/mnt/disk273/doc/coding/linters-article/src/pages/integrations/bitpay-card/bitpay-settings/bitpay-settings.ts
/mnt/disk273/doc/coding/linters-article/src/pages/integrations/changelly/changelly-details/changelly-details.ts
/mnt/disk273/doc/coding/linters-article/src/pages/integrations/changelly/changelly.ts
/mnt/disk273/doc/coding/linters-article/src/pages/integrations/coinbase/coinbase-account/coinbase-account.ts
/mnt/disk273/doc/coding/linters-article/src/pages/integrations/coinbase/coinbase-settings/coinbase-settings.ts
/mnt/disk273/doc/coding/linters-article/src/pages/integrations/coinbase/coinbase.ts
/mnt/disk273/doc/coding/linters-article/src/pages/integrations/coinbase/coinbase-tx-details/coinbase-tx-details.ts
/mnt/disk273/doc/coding/linters-article/src/pages/integrations/coinbase/coinbase-withdraw/coinbase-withdraw.ts
/mnt/disk273/doc/coding/linters-article/src/pages/integrations/gift-cards/buy-card/buy-card.ts
/mnt/disk273/doc/coding/linters-article/src/pages/integrations/gift-cards/buy-card/card-description/card-description.ts
/mnt/disk273/doc/coding/linters-article/src/pages/integrations/gift-cards/card-catalog/card-catalog.ts
/mnt/disk273/doc/coding/linters-article/src/pages/integrations/gift-cards/card-details/card-details.ts
/mnt/disk273/doc/coding/linters-article/src/pages/integrations/gift-cards/card-details/printable-card/printable-card.ts
/mnt/disk273/doc/coding/linters-article/src/pages/integrations/gift-cards/card-terms/card-terms.ts
/mnt/disk273/doc/coding/linters-article/src/pages/integrations/gift-cards/confirm-card-purchase/confirm-card-purchase.ts
/mnt/disk273/doc/coding/linters-article/src/pages/integrations/gift-cards/gift-card-settings/gift-card-settings.ts
/mnt/disk273/doc/coding/linters-article/src/pages/integrations/gift-cards/gift-cards-settings/gift-cards-settings.ts
/mnt/disk273/doc/coding/linters-article/src/pages/integrations/gift-cards/gift-cards.ts
/mnt/disk273/doc/coding/linters-article/src/pages/integrations/gift-cards/home-gift-cards/gift-card-item/gift-card-item.ts
/mnt/disk273/doc/coding/linters-article/src/pages/integrations/gift-cards/home-gift-cards/home-gift-cards.ts
/mnt/disk273/doc/coding/linters-article/src/pages/integrations/gift-cards/phone/phone.ts
/mnt/disk273/doc/coding/linters-article/src/pages/integrations/gift-cards/purchased-cards/card-list-item/card-list-item.ts
/mnt/disk273/doc/coding/linters-article/src/pages/integrations/gift-cards/purchased-cards/purchased-cards.spec.ts
/mnt/disk273/doc/coding/linters-article/src/pages/integrations/gift-cards/purchased-cards/purchased-cards.ts
/mnt/disk273/doc/coding/linters-article/src/pages/integrations/invoice/select-invoice/select-invoice.ts
/mnt/disk273/doc/coding/linters-article/src/pages/integrations/one-inch/one-inch-details/one-inch-details.ts
/mnt/disk273/doc/coding/linters-article/src/pages/integrations/one-inch/one-inch.ts
/mnt/disk273/doc/coding/linters-article/src/pages/integrations/simplex/simplex-details/simplex-details.ts
/mnt/disk273/doc/coding/linters-article/src/pages/integrations/simplex/simplex.ts
/mnt/disk273/doc/coding/linters-article/src/pages/integrations/wallet-connect/wallet-connect-request-details/wallet-connect-request-details.ts
/mnt/disk273/doc/coding/linters-article/src/pages/integrations/wallet-connect/wallet-connect-settings/wallet-connect-settings.ts
/mnt/disk273/doc/coding/linters-article/src/pages/integrations/wallet-connect/wallet-connect.ts
/mnt/disk273/doc/coding/linters-article/src/pages/integrations/wyre/wyre-details/wyre-details.ts
/mnt/disk273/doc/coding/linters-article/src/pages/integrations/wyre/wyre.ts
/mnt/disk273/doc/coding/linters-article/src/pages/merchant/merchant.ts
/mnt/disk273/doc/coding/linters-article/src/pages/new-feature/new-feature.ts
/mnt/disk273/doc/coding/linters-article/src/pages/onboarding/add-funds/add-funds.ts
/mnt/disk273/doc/coding/linters-article/src/pages/onboarding/collect-email/collect-email.ts
/mnt/disk273/doc/coding/linters-article/src/pages/onboarding/disclaimer/disclaimer.ts
/mnt/disk273/doc/coding/linters-article/src/pages/onboarding/feature-education/feature-education.ts
/mnt/disk273/doc/coding/linters-article/src/pages/onboarding/lock-method/lock-method.ts
/mnt/disk273/doc/coding/linters-article/src/pages/onboarding/recovery-key/recovery-key.ts
/mnt/disk273/doc/coding/linters-article/src/pages/pages.ts
/mnt/disk273/doc/coding/linters-article/src/pages/paper-wallet/paper-wallet.ts
/mnt/disk273/doc/coding/linters-article/src/pages/pin/pin-dots/pin-dots.component.ts
/mnt/disk273/doc/coding/linters-article/src/pages/pin/pin-modal/pin-modal.spec.ts
/mnt/disk273/doc/coding/linters-article/src/pages/pin/pin-modal/pin-modal.ts
/mnt/disk273/doc/coding/linters-article/src/pages/pin/pin.ts
/mnt/disk273/doc/coding/linters-article/src/pages/receive/custom-amount/custom-amount.ts
/mnt/disk273/doc/coding/linters-article/src/pages/scan/scan.ts
/mnt/disk273/doc/coding/linters-article/src/pages/send/amount/amount.spec.ts
/mnt/disk273/doc/coding/linters-article/src/pages/send/amount/amount.ts
/mnt/disk273/doc/coding/linters-article/src/pages/send/confirm/confirm.spec.ts
/mnt/disk273/doc/coding/linters-article/src/pages/send/confirm/confirm.ts
/mnt/disk273/doc/coding/linters-article/src/pages/send/multi-send/multi-send.ts
/mnt/disk273/doc/coding/linters-article/src/pages/send/select-inputs/select-inputs.ts
/mnt/disk273/doc/coding/linters-article/src/pages/send/send.spec.ts
/mnt/disk273/doc/coding/linters-article/src/pages/send/send.ts
/mnt/disk273/doc/coding/linters-article/src/pages/send/transfer-to-modal/transfer-to-modal.ts
/mnt/disk273/doc/coding/linters-article/src/pages/send/transfer-to/transfer-to.spec.ts
/mnt/disk273/doc/coding/linters-article/src/pages/send/transfer-to/transfer-to.ts
/mnt/disk273/doc/coding/linters-article/src/pages/settings/about/about.spec.ts
/mnt/disk273/doc/coding/linters-article/src/pages/settings/about/about.ts
/mnt/disk273/doc/coding/linters-article/src/pages/settings/about/session-log/session-log.spec.ts
/mnt/disk273/doc/coding/linters-article/src/pages/settings/about/session-log/session-log.ts
/mnt/disk273/doc/coding/linters-article/src/pages/settings/addressbook/add/add.ts
/mnt/disk273/doc/coding/linters-article/src/pages/settings/addressbook/addressbook.ts
/mnt/disk273/doc/coding/linters-article/src/pages/settings/addressbook/view/view.ts
/mnt/disk273/doc/coding/linters-article/src/pages/settings/advanced/advanced.ts
/mnt/disk273/doc/coding/linters-article/src/pages/settings/advanced/wallet-recover-page/wallet-mnemonic-recover-page/wallet-mnemonic-recover-page.ts
/mnt/disk273/doc/coding/linters-article/src/pages/settings/advanced/wallet-recover-page/wallet-recover-page.ts
/mnt/disk273/doc/coding/linters-article/src/pages/settings/alt-currency/alt-currency.ts
/mnt/disk273/doc/coding/linters-article/src/pages/settings/bitpay-id/bitpay-id.ts
/mnt/disk273/doc/coding/linters-article/src/pages/settings/fee-policy/fee-policy.ts
/mnt/disk273/doc/coding/linters-article/src/pages/settings/key-settings/extended-private-key/extended-private-key.ts
/mnt/disk273/doc/coding/linters-article/src/pages/settings/key-settings/key-delete/key-delete.ts
/mnt/disk273/doc/coding/linters-article/src/pages/settings/key-settings/key-name/key-name.ts
/mnt/disk273/doc/coding/linters-article/src/pages/settings/key-settings/key-onboarding/key-onboarding.ts
/mnt/disk273/doc/coding/linters-article/src/pages/settings/key-settings/key-qr-export/key-qr-export.ts
/mnt/disk273/doc/coding/linters-article/src/pages/settings/key-settings/key-settings.ts
/mnt/disk273/doc/coding/linters-article/src/pages/settings/language/language.spec.ts
/mnt/disk273/doc/coding/linters-article/src/pages/settings/language/language.ts
/mnt/disk273/doc/coding/linters-article/src/pages/settings/local-theme/local-theme.ts
/mnt/disk273/doc/coding/linters-article/src/pages/settings/lock/lock.ts
/mnt/disk273/doc/coding/linters-article/src/pages/settings/navigation/navigation.ts
/mnt/disk273/doc/coding/linters-article/src/pages/settings/notifications/notifications.spec.ts
/mnt/disk273/doc/coding/linters-article/src/pages/settings/notifications/notifications.ts
/mnt/disk273/doc/coding/linters-article/src/pages/settings/settings.ts
/mnt/disk273/doc/coding/linters-article/src/pages/settings/share/share.ts
/mnt/disk273/doc/coding/linters-article/src/pages/settings/wallet-settings/wallet-delete/wallet-delete.ts
/mnt/disk273/doc/coding/linters-article/src/pages/settings/wallet-settings/wallet-name/wallet-name.ts
/mnt/disk273/doc/coding/linters-article/src/pages/settings/wallet-settings/wallet-settings-advanced/wallet-addresses/all-addresses/all-addresses.ts
/mnt/disk273/doc/coding/linters-article/src/pages/settings/wallet-settings/wallet-settings-advanced/wallet-addresses/wallet-addresses.ts
/mnt/disk273/doc/coding/linters-article/src/pages/settings/wallet-settings/wallet-settings-advanced/wallet-duplicate/wallet-duplicate.ts
/mnt/disk273/doc/coding/linters-article/src/pages/settings/wallet-settings/wallet-settings-advanced/wallet-export/wallet-export.ts
/mnt/disk273/doc/coding/linters-article/src/pages/settings/wallet-settings/wallet-settings-advanced/wallet-information/wallet-information.ts
/mnt/disk273/doc/coding/linters-article/src/pages/settings/wallet-settings/wallet-settings-advanced/wallet-service-url/wallet-service-url.ts
/mnt/disk273/doc/coding/linters-article/src/pages/settings/wallet-settings/wallet-settings-advanced/wallet-transaction-history/wallet-transaction-history.ts
/mnt/disk273/doc/coding/linters-article/src/pages/settings/wallet-settings/wallet-settings.ts
/mnt/disk273/doc/coding/linters-article/src/pages/slide-to-accept/slide-to-accept.ts
/mnt/disk273/doc/coding/linters-article/src/pages/tabs/tabs.ts
/mnt/disk273/doc/coding/linters-article/src/pages/templates/wide-header-page/wide-header-bar-button.ts
/mnt/disk273/doc/coding/linters-article/src/pages/token-swap/token-swap-approve/token-swap-approve.ts
/mnt/disk273/doc/coding/linters-article/src/pages/token-swap/token-swap-checkout/token-swap-checkout.ts
/mnt/disk273/doc/coding/linters-article/src/pages/tx-details/tx-details.spec.ts
/mnt/disk273/doc/coding/linters-article/src/pages/tx-details/tx-details.ts
/mnt/disk273/doc/coding/linters-article/src/pages/txp-details/txp-details.ts
/mnt/disk273/doc/coding/linters-article/src/pages/wallet-details/search-tx-modal/search-tx-modal.ts
/mnt/disk273/doc/coding/linters-article/src/pages/wallet-details/wallet-balance/wallet-balance.ts
/mnt/disk273/doc/coding/linters-article/src/pages/wallet-details/wallet-details.spec.ts
/mnt/disk273/doc/coding/linters-article/src/pages/wallet-details/wallet-details.ts
/mnt/disk273/doc/coding/linters-article/src/pages/wallets/proposals-notifications/proposals-notifications.ts
/mnt/disk273/doc/coding/linters-article/src/pages/wallets/wallets.spec.ts
/mnt/disk273/doc/coding/linters-article/src/pages/wallets/wallets.ts
/mnt/disk273/doc/coding/linters-article/src/pipes/fiatToUnit.ts
/mnt/disk273/doc/coding/linters-article/src/pipes/format-currency.ts
/mnt/disk273/doc/coding/linters-article/src/pipes/keys.ts
/mnt/disk273/doc/coding/linters-article/src/pipes/order-by.ts
/mnt/disk273/doc/coding/linters-article/src/pipes/satToFiat.ts
/mnt/disk273/doc/coding/linters-article/src/pipes/shortened-address.ts
/mnt/disk273/doc/coding/linters-article/src/providers/abi-decoder/abi-decoder.ts
/mnt/disk273/doc/coding/linters-article/src/providers/abi-decoder/abi-erc20.ts
/mnt/disk273/doc/coding/linters-article/src/providers/abi-decoder/abi-invoice.ts
/mnt/disk273/doc/coding/linters-article/src/providers/action-sheet/action-sheet.ts
/mnt/disk273/doc/coding/linters-article/src/providers/address/address.spec.ts
/mnt/disk273/doc/coding/linters-article/src/providers/address/address.ts
/mnt/disk273/doc/coding/linters-article/src/providers/address-book/address-book.spec.ts
/mnt/disk273/doc/coding/linters-article/src/providers/address-book/address-book.ts
/mnt/disk273/doc/coding/linters-article/src/providers/analytics/analytics.ts
/mnt/disk273/doc/coding/linters-article/src/providers/app/app.spec.ts
/mnt/disk273/doc/coding/linters-article/src/providers/app/app.ts
/mnt/disk273/doc/coding/linters-article/src/providers/app-identity/app-identity.spec.ts
/mnt/disk273/doc/coding/linters-article/src/providers/app-identity/app-identity.ts
/mnt/disk273/doc/coding/linters-article/src/providers/apple-wallet/apple-wallet.ts
/mnt/disk273/doc/coding/linters-article/src/providers/backup/backup.spec.ts
/mnt/disk273/doc/coding/linters-article/src/providers/backup/backup.ts
/mnt/disk273/doc/coding/linters-article/src/providers/bitpay-account/bitpay-account.ts
/mnt/disk273/doc/coding/linters-article/src/providers/bitpay/bitpay.ts
/mnt/disk273/doc/coding/linters-article/src/providers/bitpay-card/bitpay-card.ts
/mnt/disk273/doc/coding/linters-article/src/providers/bitpay-id/bitpay-id.ts
/mnt/disk273/doc/coding/linters-article/src/providers/buy-crypto/buy-crypto.ts
/mnt/disk273/doc/coding/linters-article/src/providers/bwc/bwc.ts
/mnt/disk273/doc/coding/linters-article/src/providers/bwc-error/bwc-error.spec.ts
/mnt/disk273/doc/coding/linters-article/src/providers/bwc-error/bwc-error.ts
/mnt/disk273/doc/coding/linters-article/src/providers/card-phases/card-phases.ts
/mnt/disk273/doc/coding/linters-article/src/providers/changelly/changelly.ts
/mnt/disk273/doc/coding/linters-article/src/providers/clipboard/clipboard.spec.ts
/mnt/disk273/doc/coding/linters-article/src/providers/clipboard/clipboard.ts
/mnt/disk273/doc/coding/linters-article/src/providers/coinbase/coinbase.ts
/mnt/disk273/doc/coding/linters-article/src/providers/color/color.ts
/mnt/disk273/doc/coding/linters-article/src/providers/confetti/confetti.ts
/mnt/disk273/doc/coding/linters-article/src/providers/config/config.spec.ts
/mnt/disk273/doc/coding/linters-article/src/providers/config/config.ts
/mnt/disk273/doc/coding/linters-article/src/providers/currency/currency.ts
/mnt/disk273/doc/coding/linters-article/src/providers/currency/gnosisFactories.ts
/mnt/disk273/doc/coding/linters-article/src/providers/currency/token.ts
/mnt/disk273/doc/coding/linters-article/src/providers/derivation-path-helper/derivation-path-helper.spec.ts
/mnt/disk273/doc/coding/linters-article/src/providers/derivation-path-helper/derivation-path-helper.ts
/mnt/disk273/doc/coding/linters-article/src/providers/directory/directory.ts
/mnt/disk273/doc/coding/linters-article/src/providers/dom/dom.ts
/mnt/disk273/doc/coding/linters-article/src/providers/download/download.spec.ts
/mnt/disk273/doc/coding/linters-article/src/providers/download/download.ts
/mnt/disk273/doc/coding/linters-article/src/providers/dynamic-links/dynamic-links.ts
/mnt/disk273/doc/coding/linters-article/src/providers/electron/electron.ts
/mnt/disk273/doc/coding/linters-article/src/providers/email-notifications/email-notifications.spec.ts
/mnt/disk273/doc/coding/linters-article/src/providers/email-notifications/email-notifications.ts
/mnt/disk273/doc/coding/linters-article/src/providers/errors/errors.ts
/mnt/disk273/doc/coding/linters-article/src/providers/exchange-crypto/exchange-crypto.ts
/mnt/disk273/doc/coding/linters-article/src/providers/external-link/external-link.spec.ts
/mnt/disk273/doc/coding/linters-article/src/providers/external-link/external-link.ts
/mnt/disk273/doc/coding/linters-article/src/providers/feedback/feedback.spec.ts
/mnt/disk273/doc/coding/linters-article/src/providers/feedback/feedback.ts
/mnt/disk273/doc/coding/linters-article/src/providers/fee/fee.spec.ts
/mnt/disk273/doc/coding/linters-article/src/providers/fee/fee.ts
/mnt/disk273/doc/coding/linters-article/src/providers/filter/filter.spec.ts
/mnt/disk273/doc/coding/linters-article/src/providers/filter/filter.ts
/mnt/disk273/doc/coding/linters-article/src/providers/gift-card/gift-card.spec.ts
/mnt/disk273/doc/coding/linters-article/src/providers/gift-card/gift-card.ts
/mnt/disk273/doc/coding/linters-article/src/providers/home-integrations/home-integrations.ts
/mnt/disk273/doc/coding/linters-article/src/providers/in-app-browser/card.ts
/mnt/disk273/doc/coding/linters-article/src/providers/in-app-browser/in-app-browser.ts
/mnt/disk273/doc/coding/linters-article/src/providers/incoming-data/incoming-data.spec.ts
/mnt/disk273/doc/coding/linters-article/src/providers/incoming-data/incoming-data.ts
/mnt/disk273/doc/coding/linters-article/src/providers/invoice/invoice.ts
/mnt/disk273/doc/coding/linters-article/src/providers/key/key.spec.ts
/mnt/disk273/doc/coding/linters-article/src/providers/key/key.ts
/mnt/disk273/doc/coding/linters-article/src/providers/language/language.spec.ts
/mnt/disk273/doc/coding/linters-article/src/providers/language/language.ts
/mnt/disk273/doc/coding/linters-article/src/providers/language-loader/language-loader.ts
/mnt/disk273/doc/coding/linters-article/src/providers/location/location.ts
/mnt/disk273/doc/coding/linters-article/src/providers/logger/logger.spec.ts
/mnt/disk273/doc/coding/linters-article/src/providers/logger/logger.ts
/mnt/disk273/doc/coding/linters-article/src/providers/logs/logs.ts
/mnt/disk273/doc/coding/linters-article/src/providers/merchant/merchant.ts
/mnt/disk273/doc/coding/linters-article/src/providers/new-feature-data/new-feature-data.ts
/mnt/disk273/doc/coding/linters-article/src/providers/one-inch/one-inch.ts
/mnt/disk273/doc/coding/linters-article/src/providers/on-going-process/on-going-process.spec.ts
/mnt/disk273/doc/coding/linters-article/src/providers/on-going-process/on-going-process.ts
/mnt/disk273/doc/coding/linters-article/src/providers/paypro/paypro.spec.ts
/mnt/disk273/doc/coding/linters-article/src/providers/paypro/paypro.ts
/mnt/disk273/doc/coding/linters-article/src/providers/persistence/persistence.spec.ts
/mnt/disk273/doc/coding/linters-article/src/providers/persistence/persistence.ts
/mnt/disk273/doc/coding/linters-article/src/providers/persistence/storage/file-storage.ts
/mnt/disk273/doc/coding/linters-article/src/providers/persistence/storage/istorage.ts
/mnt/disk273/doc/coding/linters-article/src/providers/persistence/storage/local-storage.ts
/mnt/disk273/doc/coding/linters-article/src/providers/persistence/storage/ram-storage.ts
/mnt/disk273/doc/coding/linters-article/src/providers/phone/phone.ts
/mnt/disk273/doc/coding/linters-article/src/providers/platform/platform.spec.ts
/mnt/disk273/doc/coding/linters-article/src/providers/platform/platform.ts
/mnt/disk273/doc/coding/linters-article/src/providers/popup/popup.spec.ts
/mnt/disk273/doc/coding/linters-article/src/providers/popup/popup.ts
/mnt/disk273/doc/coding/linters-article/src/providers/profile/profile.spec.ts
/mnt/disk273/doc/coding/linters-article/src/providers/profile/profile.ts
/mnt/disk273/doc/coding/linters-article/src/providers/push-notifications/push-notifications.ts
/mnt/disk273/doc/coding/linters-article/src/providers/rate/rate.spec.ts
/mnt/disk273/doc/coding/linters-article/src/providers/rate/rate.ts
/mnt/disk273/doc/coding/linters-article/src/providers/release/release.spec.ts
/mnt/disk273/doc/coding/linters-article/src/providers/release/release.ts
/mnt/disk273/doc/coding/linters-article/src/providers/replace-parameters/replace-parameters.ts
/mnt/disk273/doc/coding/linters-article/src/providers/scan/scan.spec.ts
/mnt/disk273/doc/coding/linters-article/src/providers/scan/scan.ts
/mnt/disk273/doc/coding/linters-article/src/providers/simplex/simplex.ts
/mnt/disk273/doc/coding/linters-article/src/providers/theme/theme.ts
/mnt/disk273/doc/coding/linters-article/src/providers/time/time.spec.ts
/mnt/disk273/doc/coding/linters-article/src/providers/time/time.ts
/mnt/disk273/doc/coding/linters-article/src/providers/touchid/touchid.spec.ts
/mnt/disk273/doc/coding/linters-article/src/providers/touchid/touchid.ts
/mnt/disk273/doc/coding/linters-article/src/providers/tx-confirm-notification/tx-confirm-notification.spec.ts
/mnt/disk273/doc/coding/linters-article/src/providers/tx-confirm-notification/tx-confirm-notification.ts
/mnt/disk273/doc/coding/linters-article/src/providers/tx-format/tx-format.spec.ts
/mnt/disk273/doc/coding/linters-article/src/providers/tx-format/tx-format.ts
/mnt/disk273/doc/coding/linters-article/src/providers/wallet-connect/wallet-connect.ts
/mnt/disk273/doc/coding/linters-article/src/providers/wallet-connect/web3-providers/web3-providers.ts
/mnt/disk273/doc/coding/linters-article/src/providers/wallet/mocks/pending-txp.mock.ts
/mnt/disk273/doc/coding/linters-article/src/providers/wallet/mocks/wallet.mock.ts
/mnt/disk273/doc/coding/linters-article/src/providers/wallet/wallet.spec.ts
/mnt/disk273/doc/coding/linters-article/src/providers/wallet/wallet.ts
/mnt/disk273/doc/coding/linters-article/src/providers/wyre/wyre.ts
/mnt/disk273/doc/coding/linters-article/src/providers/zce/zce.ts
/mnt/disk273/doc/coding/linters-article/src/test.ts
/mnt/disk273/doc/coding/linters-article/src/utils.ts
/mnt/disk273/doc/coding/linters-article/src/validators/email.ts
