AAVE
Appboy
bitauth
bitcoincash
BITCOINCASH
bitcore
Bitcore
bitpay
Bitpay
BITPAY
Bitpaycard
Conteiner
copayer
Copayer
COPAYER
copayers
Copayers
Createit
creditcard
crossorigin
CUSTOMTOKENSDATA
CUSTOMTOKENSOPTS
Defi
DYDX
EURT
fiatrates
Firebased
flatrate
fullwide
giftcards
healthcheck
Intantiation
Leves
merkle
Merkle
NONAGREEDDISCLAIMER
offersandpromotions
oneinch
ouputs
pendings
Polski
Português
Pусский
QFRML
RZEAC
schnorr
SEQNUMBER
shib
SHIB
SHIBA
sigtype
Sring
sslerror
USDP
Verifiying
Verifiyng
vout
waitlist
Waitlist
walletconnect
Walletconnect
WDOGE
Wovh
