src/directives/ion-content-background-color/ion-content-background-color.ts
src/directives/copy-to-clipboard/copy-to-clipboard.ts
src/directives/long-press/long-press.ts
src/directives/navbar-bg/navbar-bg.ts
src/directives/navbar-bg/navbar-bg.spec.ts
src/directives/no-low-fee/no-low-fee.ts
src/directives/externalize-links/externalize-links.ts
src/directives/reveal-at-scroll-pos/reveal-at-scroll-pos.ts
src/directives/fixed-scroll-bg-color/fixed-scroll-bg-color.spec.ts
src/directives/fixed-scroll-bg-color/fixed-scroll-bg-color.ts
src/directives/animate/animate.scss
src/directives/animate/animate.ts
src/directives/scrolled-into-view/scrolled-into-view.ts
src/directives/ion-mask/ion-mask.ts
src/app/app.module.ts
src/app/app.html
src/app/app.scss
src/app/main.ts
src/app/app.component.ts
src/app/app.component.spec.ts
src/models/in-app-browser/in-app-browser-ref.model.ts
src/providers/clipboard/clipboard.spec.ts
src/providers/clipboard/clipboard.ts
src/providers/feedback/feedback.spec.ts
src/providers/feedback/feedback.ts
src/providers/bwc/bwc.ts
src/providers/card-phases/card-phases.ts
src/providers/external-link/external-link.spec.ts
src/providers/external-link/external-link.ts
src/providers/touchid/touchid.ts
src/providers/touchid/touchid.spec.ts
src/providers/app/app.spec.ts
src/providers/app/app.ts
src/providers/app-identity/app-identity.ts
src/providers/app-identity/app-identity.spec.ts
src/providers/on-going-process/on-going-process.spec.ts
src/providers/on-going-process/on-going-process.ts
src/providers/merchant/merchant.ts
src/providers/incoming-data/incoming-data.spec.ts
src/providers/incoming-data/incoming-data.ts
src/providers/exchange-crypto/exchange-crypto.ts
src/providers/filter/filter.ts
src/providers/filter/filter.spec.ts
src/providers/tx-confirm-notification/tx-confirm-notification.spec.ts
src/providers/tx-confirm-notification/tx-confirm-notification.ts
src/providers/config/config.spec.ts
src/providers/config/config.ts
src/providers/providers.module.ts
src/providers/address/address.ts
src/providers/address/address.spec.ts
src/providers/logger/logger.ts
src/providers/logger/logger.spec.ts
src/providers/logger/logger.mock.ts
src/providers/tab/tab.ts
src/providers/time/time.ts
src/providers/time/time.spec.ts
src/providers/scan/scan.spec.ts
src/providers/scan/scan.ts
src/providers/coinbase/coinbase.ts
src/providers/popup/popup.spec.ts
src/providers/popup/popup.ts
src/providers/analytics/analytics.ts
src/providers/fee/fee.spec.ts
src/providers/fee/fee.ts
src/providers/invoice/invoice.ts
src/providers/wallet/wallet.ts
src/providers/wallet/mocks/wallet.mock.ts
src/providers/wallet/mocks/pending-txp.mock.ts
src/providers/wallet/wallet.spec.ts
src/providers/bwc-error/bwc-error.ts
src/providers/bwc-error/bwc-error.spec.ts
src/providers/language/language.ts
src/providers/language/language.spec.ts
src/providers/logs/logs.ts
src/providers/backup/backup.spec.ts
src/providers/backup/backup.ts
src/providers/theme/theme.ts
src/providers/bitpay-id/bitpay-id.ts
src/providers/new-feature-data/new-feature-data.ts
src/providers/push-notifications/push-notifications.ts
src/providers/address-book/address-book.spec.ts
src/providers/address-book/address-book.ts
src/providers/tx-format/tx-format.ts
src/providers/tx-format/tx-format.spec.ts
src/providers/dynamic-links/dynamic-links.ts
src/providers/paypro/paypro.spec.ts
src/providers/paypro/paypro.ts
src/providers/home-integrations/home-integrations.ts
src/providers/directory/directory.ts
src/providers/changelly/changelly.ts
src/providers/bitpay-account/bitpay-account.ts
src/providers/derivation-path-helper/derivation-path-helper.spec.ts
src/providers/derivation-path-helper/derivation-path-helper.ts
src/providers/in-app-browser/card.ts
src/providers/in-app-browser/in-app-browser.ts
src/providers/errors/errors.ts
src/providers/color/color.ts
src/providers/key/key.spec.ts
src/providers/key/key.ts
src/providers/bitpay-card/bitpay-card.ts
src/providers/apple-wallet/apple-wallet.ts
src/providers/currency/token.ts
src/providers/currency/coin.ts
src/providers/currency/currency.ts
src/providers/index.ts
src/providers/gift-card/gift-card.ts
src/providers/gift-card/gift-card.types.ts
src/providers/gift-card/gift-card.spec.ts
src/providers/persistence/persistence.spec.ts
src/providers/persistence/storage/ram-storage.ts
src/providers/persistence/storage/local-storage.ts
src/providers/persistence/storage/istorage.ts
src/providers/persistence/storage/file-storage.ts
src/providers/persistence/persistence.ts
src/providers/simplex/simplex.ts
src/providers/dom/dom.ts
src/providers/dom/dom.mock.ts
src/providers/download/download.spec.ts
src/providers/download/download.ts
src/providers/email-notifications/email-notifications.spec.ts
src/providers/email-notifications/email-notifications.ts
src/providers/release/release.ts
src/providers/release/release.spec.ts
src/providers/confetti/confetti.ts
src/providers/language-loader/language-loader.ts
src/providers/bitpay/bitpay.ts
src/providers/rate/rate.ts
src/providers/rate/rate.spec.ts
src/providers/profile/profile.ts
src/providers/profile/profile.spec.ts
src/providers/buy-crypto/buy-crypto.ts
src/providers/wallet-connect/wallet-connect.ts
src/providers/wallet-connect/web3-providers/web3-providers.ts
src/providers/platform/platform.spec.ts
src/providers/platform/platform.ts
src/providers/location/location.ts
src/providers/electron/electron.ts
src/providers/action-sheet/action-sheet.ts
src/providers/wyre/wyre.ts
src/providers/replace-parameters/replace-parameters.spec.ts
src/providers/replace-parameters/replace-parameters.ts
src/test.ts
src/environments/desktop.ts
src/environments/dev.ts
src/environments/prod.ts
src/environments/schema.ts
src/pipes/shortened-address.ts
src/pipes/satToUnit.ts
src/pipes/satToFiat.ts
src/pipes/fiatToUnit.ts
src/pipes/format-currency.ts
src/pipes/keys.ts
src/pipes/order-by.ts
src/theme/icons.scss
src/theme/mixins.scss
src/theme/dark.scss
src/theme/variables.scss
src/theme/light.scss
src/validators/email.ts
src/validators/address.ts
src/components/wallet-receive/wallet-receive.html
src/components/wallet-receive/wallet-receive.ts
src/components/action-card-v4/action-card-v4.ts
src/components/action-card-v4/action-card-v4.html
src/components/info-sheet/info-sheet-template.ts
src/components/info-sheet/info-sheet.html
src/components/info-sheet/info-sheet.ts
src/components/info-sheet/info-sheet-template.html
src/components/wallet-selector/wallet-selector.html
src/components/wallet-selector/wallet-selector.ts
src/components/wallet-tab-options/wallet-tab-options.html
src/components/wallet-tab-options/wallet-tab-options.ts
src/components/needs-backup/needs-backup.ts
src/components/needs-backup/needs-backup.html
src/components/expandable-header/expandable-header.ts
src/components/expandable-header/expandable-header.spec.ts
src/components/wallet-item-content/wallet-item-content.html
src/components/wallet-item-content/wallet-item-content.ts
src/components/amount-picker/amount-picker.html
src/components/amount-picker/amount-picker.ts
src/components/incoming-data-menu/incoming-data-menu.ts
src/components/incoming-data-menu/incoming-data-menu.html
src/components/email-component/email-component.html
src/components/email-component/email-component.ts
src/components/price-chart/price-chart.ts
src/components/price-chart/price-chart.html
src/components/notification-component/notification-component.ts
src/components/notification-component/notification-component.html
src/components/label-tip/label-tip.ts
src/components/label-tip/label-tip.scss
src/components/search-bar/search-bar.ts
src/components/search-bar/search-bar.scss
src/components/gift-card-discount-text/gift-card-discount-text.ts
src/components/exchange-rates/exchange-rates.html
src/components/exchange-rates/exchange-rates.ts
src/components/chart-component/chart-component.ts
src/components/chart-component/chart-component.html
src/components/encrypt-password/encrypt-password.scss
src/components/encrypt-password/encrypt-password.html
src/components/encrypt-password/encrypt-password.ts
src/components/action-card/action-card.html
src/components/action-card/action-card.ts
src/components/memo-component/memo-component.html
src/components/memo-component/memo-component.ts
src/components/action-sheets.ts
src/components/add-button/add-button.html
src/components/add-button/add-button.ts
src/components/advertising/advertising.html
src/components/advertising/advertising.ts
src/components/footer-menu/footer-menu.html
src/components/footer-menu/footer-menu.ts
src/components/components.ts
src/components/phone-sheet/phone-sheet.ts
src/components/phone-sheet/phone-sheet.html
src/components/balance-to-show/balance-to-show.html
src/components/balance-to-show/balance-to-show.ts
src/components/coin-icon/coin-icon.ts
src/components/coin-icon/coin-icon.html
src/components/options-sheet/options-sheet.html
src/components/options-sheet/options-sheet.ts
src/components/action-sheet/action-sheet.ts
src/components/action-sheet/action-sheet.html
src/components/action-sheet/action-sheet.scss
src/components/action-sheet/action-sheet-parent.ts
src/components/miner-fee-warning/miner-fee-warning.html
src/components/miner-fee-warning/miner-fee-warning.ts
src/components/miner-fee-warning/miner-fee-warning.scss
src/pages/add-wallet/add-wallet.html
src/pages/add-wallet/add-wallet.ts
src/pages/feedback/send-feedback/send-feedback.html
src/pages/feedback/send-feedback/send-feedback.ts
src/pages/feedback/send-feedback/send-feedback.spec.ts
src/pages/slide-to-accept/slide-to-accept.ts
src/pages/slide-to-accept/slide-to-accept.html
src/pages/slide-to-accept/slide-to-accept.scss
src/pages/tx-details/tx-details.spec.ts
src/pages/tx-details/tx-details.html
src/pages/tx-details/tx-details.ts
src/pages/pin/pin-modal/pin-modal.html
src/pages/pin/pin-modal/pin-modal.spec.ts
src/pages/pin/pin-modal/pin-modal.ts
src/pages/pin/pin-dots/pin-dots.component.ts
src/pages/pin/pin-pad/pin-pad.component.ts
src/pages/pin/pin.ts
src/pages/merchant/merchant.ts
src/pages/merchant/merchant.html
src/pages/exchange-crypto/exchange-checkout/exchange-checkout.ts
src/pages/exchange-crypto/exchange-checkout/exchange-checkout.html
src/pages/exchange-crypto/exchange-crypto.ts
src/pages/exchange-crypto/exchange-crypto-settings/exchange-crypto-settings.html
src/pages/exchange-crypto/exchange-crypto-settings/exchange-crypto-settings.ts
src/pages/exchange-crypto/exchange-crypto.html
src/pages/wallets/wallets.spec.ts
src/pages/wallets/proposals-notifications/proposals-notifications.html
src/pages/wallets/proposals-notifications/proposals-notifications.ts
src/pages/wallets/wallets.ts
src/pages/wallets/wallets.html
src/pages/wallets/wallets.scss
src/pages/scan/scan.ts
src/pages/scan/scan.scss
src/pages/scan/scan.html
src/pages/fingerprint/fingerprint.ts
src/pages/fingerprint/fingerprint.html
src/pages/txp-details/txp-details.html
src/pages/txp-details/txp-details.ts
src/pages/templates/wide-header-page/wide-header-page.html
src/pages/templates/wide-header-page/wide-header-page.ts
src/pages/templates/wide-header-page/wide-header-page.scss
src/pages/templates/wide-header-page/wide-header-bar-button.ts
src/pages/backup/backup-game/backup-game.ts
src/pages/backup/backup-game/backup-game.html
src/pages/backup/backup-key/backup-key.ts
src/pages/backup/backup-key/backup-key.html
src/pages/finish/finish.html
src/pages/finish/finish.ts
src/pages/finish/finish.scss
src/pages/choose-fee-level/choose-fee-level.ts
src/pages/choose-fee-level/choose-fee-level.html
src/pages/wallet-details/wallet-details.ts
src/pages/wallet-details/wallet-details.html
src/pages/wallet-details/search-tx-modal/search-tx-modal.ts
src/pages/wallet-details/search-tx-modal/search-tx-modal.html
src/pages/wallet-details/wallet-balance/wallet-balance.ts
src/pages/wallet-details/wallet-balance/wallet-balance.html
src/pages/wallet-details/wallet-details.spec.ts
src/pages/send/send.html
src/pages/send/select-inputs/select-inputs.html
src/pages/send/select-inputs/select-inputs.ts
src/pages/send/transfer-to-modal/transfer-to-modal.ts
src/pages/send/transfer-to-modal/transfer-to-modal.html
src/pages/send/confirm/confirm.html
src/pages/send/confirm/confirm.ts
src/pages/send/confirm/confirm.spec.ts
src/pages/send/send.ts
src/pages/send/amount/amount.html
src/pages/send/amount/amount.spec.ts
src/pages/send/amount/amount.ts
src/pages/send/transfer-to/transfer-to.html
src/pages/send/transfer-to/transfer-to.ts
src/pages/send/transfer-to/transfer-to.spec.ts
src/pages/send/send.spec.ts
src/pages/send/multi-send/multi-send.html
src/pages/send/multi-send/multi-send.ts
src/pages/includes/feedback-card/feedback-card.html
src/pages/includes/feedback-card/feedback-card.ts
src/pages/includes/gravatar/gravatar.html
src/pages/includes/gravatar/gravatar.ts
src/pages/includes/gravatar/gravatar.scss
src/pages/includes/multiple-outputs/multiple-outputs.html
src/pages/includes/multiple-outputs/multiple-outputs.ts
src/pages/includes/create-new-wallet/create-new-wallet.ts
src/pages/includes/create-new-wallet/create-new-wallet.html
src/pages/includes/coin-selector/coin-selector.html
src/pages/includes/coin-selector/coin-selector.ts
src/pages/includes/txp/txp.ts
src/pages/includes/txp/txp.html
src/pages/includes/card-item/card-item.html
src/pages/includes/card-item/card-item.ts
src/pages/paper-wallet/paper-wallet.ts
src/pages/paper-wallet/paper-wallet.html
src/pages/pages.ts
src/pages/settings/share/share.ts
src/pages/settings/share/share.html
src/pages/settings/settings.ts
src/pages/settings/lock/lock.ts
src/pages/settings/lock/lock.html
src/pages/settings/language/language.ts
src/pages/settings/language/language.spec.ts
src/pages/settings/language/language.html
src/pages/settings/local-theme/local-theme.ts
src/pages/settings/local-theme/local-theme.html
src/pages/settings/bitpay-id/bitpay-id.ts
src/pages/settings/bitpay-id/bitpay-id.html
src/pages/settings/wallet-settings/wallet-delete/wallet-delete.html
src/pages/settings/wallet-settings/wallet-delete/wallet-delete.ts
src/pages/settings/wallet-settings/wallet-settings.ts
src/pages/settings/wallet-settings/wallet-settings.html
src/pages/settings/wallet-settings/wallet-name/wallet-name.ts
src/pages/settings/wallet-settings/wallet-name/wallet-name.html
src/pages/settings/wallet-settings/wallet-settings-advanced/wallet-export/wallet-export.ts
src/pages/settings/wallet-settings/wallet-settings-advanced/wallet-export/wallet-export.html
src/pages/settings/wallet-settings/wallet-settings-advanced/wallet-duplicate/wallet-duplicate.ts
src/pages/settings/wallet-settings/wallet-settings-advanced/wallet-duplicate/wallet-duplicate.html
src/pages/settings/wallet-settings/wallet-settings-advanced/wallet-service-url/wallet-service-url.ts
src/pages/settings/wallet-settings/wallet-settings-advanced/wallet-service-url/wallet-service-url.html
src/pages/settings/wallet-settings/wallet-settings-advanced/wallet-information/wallet-information.html
src/pages/settings/wallet-settings/wallet-settings-advanced/wallet-information/wallet-information.ts
src/pages/settings/wallet-settings/wallet-settings-advanced/wallet-addresses/wallet-addresses.ts
src/pages/settings/wallet-settings/wallet-settings-advanced/wallet-addresses/wallet-addresses.html
src/pages/settings/wallet-settings/wallet-settings-advanced/wallet-addresses/all-addresses/all-addresses.ts
src/pages/settings/wallet-settings/wallet-settings-advanced/wallet-addresses/all-addresses/all-addresses.html
src/pages/settings/wallet-settings/wallet-settings-advanced/wallet-transaction-history/wallet-transaction-history.ts
src/pages/settings/wallet-settings/wallet-settings-advanced/wallet-transaction-history/wallet-transaction-history.html
src/pages/settings/alt-currency/alt-currency.ts
src/pages/settings/alt-currency/alt-currency.html
src/pages/settings/key-settings/clear-encrypt-password/clear-encrypt-password.ts
src/pages/settings/key-settings/clear-encrypt-password/clear-encrypt-password.html
src/pages/settings/key-settings/key-qr-export/key-qr-export.ts
src/pages/settings/key-settings/key-qr-export/key-qr-export.html
src/pages/settings/key-settings/key-name/key-name.html
src/pages/settings/key-settings/key-name/key-name.ts
src/pages/settings/key-settings/extended-private-key/extended-private-key.html
src/pages/settings/key-settings/extended-private-key/extended-private-key.ts
src/pages/settings/key-settings/key-settings.html
src/pages/settings/key-settings/key-delete/key-delete.html
src/pages/settings/key-settings/key-delete/key-delete.ts
src/pages/settings/key-settings/key-onboarding/key-onboarding.html
src/pages/settings/key-settings/key-onboarding/key-onboarding.ts
src/pages/settings/key-settings/key-settings.ts
src/pages/settings/fee-policy/fee-policy.html
src/pages/settings/fee-policy/fee-policy.ts
src/pages/settings/addressbook/addressbook.html
src/pages/settings/addressbook/addressbook.ts
src/pages/settings/addressbook/view/view.html
src/pages/settings/addressbook/view/view.ts
src/pages/settings/addressbook/add/add.html
src/pages/settings/addressbook/add/add.ts
src/pages/settings/navigation/navigation.ts
src/pages/settings/navigation/navigation.html
src/pages/settings/notifications/notifications.html
src/pages/settings/notifications/notifications.spec.ts
src/pages/settings/notifications/notifications.ts
src/pages/settings/about/about.ts
src/pages/settings/about/session-log/session-log.spec.ts
src/pages/settings/about/session-log/session-log.ts
src/pages/settings/about/session-log/session-log.html
src/pages/settings/about/about.html
src/pages/settings/about/about.spec.ts
src/pages/settings/advanced/advanced.ts
src/pages/settings/advanced/wallet-recover-page/wallet-recover-page.html
src/pages/settings/advanced/wallet-recover-page/wallet-recover-page.ts
src/pages/settings/advanced/wallet-recover-page/wallet-mnemonic-recover-page/wallet-mnemonic-recover-page.ts
src/pages/settings/advanced/wallet-recover-page/wallet-mnemonic-recover-page/wallet-mnemonic-recover-page.html
src/pages/settings/advanced/advanced.html
src/pages/settings/settings.html
src/pages/integrations/coinbase/coinbase-withdraw/coinbase-withdraw.html
src/pages/integrations/coinbase/coinbase-withdraw/coinbase-withdraw.ts
src/pages/integrations/coinbase/coinbase-account/coinbase-account.html
src/pages/integrations/coinbase/coinbase-account/coinbase-account.ts
src/pages/integrations/coinbase/coinbase.html
src/pages/integrations/coinbase/coinbase.ts
src/pages/integrations/coinbase/coinbase-settings/coinbase-settings.ts
src/pages/integrations/coinbase/coinbase-settings/coinbase-settings.html
src/pages/integrations/coinbase/coinbase-tx-details/coinbase-tx-details.html
src/pages/integrations/coinbase/coinbase-tx-details/coinbase-tx-details.ts
src/pages/integrations/invoice/select-invoice/select-invoice.html
src/pages/integrations/invoice/select-invoice/select-invoice.ts
src/pages/integrations/changelly/changelly.html
src/pages/integrations/changelly/changelly-terms/changelly-terms.html
src/pages/integrations/changelly/changelly-terms/changelly-terms.ts
src/pages/integrations/changelly/changelly-details/changelly-details.html
src/pages/integrations/changelly/changelly-details/changelly-details.ts
src/pages/integrations/changelly/changelly.ts
src/pages/integrations/gift-cards/gift-card-settings/gift-card-settings.html
src/pages/integrations/gift-cards/gift-card-settings/gift-card-settings.ts
src/pages/integrations/gift-cards/buy-card/buy-card.ts
src/pages/integrations/gift-cards/buy-card/card-description/card-description.ts
src/pages/integrations/gift-cards/buy-card/card-description/card-description.html
src/pages/integrations/gift-cards/buy-card/buy-card.scss
src/pages/integrations/gift-cards/buy-card/buy-card.html
src/pages/integrations/gift-cards/card-terms/card-terms.ts
src/pages/integrations/gift-cards/card-terms/card-terms.html
src/pages/integrations/gift-cards/home-gift-cards/gift-card-item/gift-card-item.html
src/pages/integrations/gift-cards/home-gift-cards/gift-card-item/gift-card-item.ts
src/pages/integrations/gift-cards/home-gift-cards/home-gift-cards.ts
src/pages/integrations/gift-cards/home-gift-cards/home-gift-cards.html
src/pages/integrations/gift-cards/phone/phone.html
src/pages/integrations/gift-cards/phone/phone.ts
src/pages/integrations/gift-cards/gift-cards-settings/gift-cards-settings.ts
src/pages/integrations/gift-cards/gift-cards-settings/gift-cards-settings.html
src/pages/integrations/gift-cards/confirm-card-purchase/confirm-card-purchase.ts
src/pages/integrations/gift-cards/confirm-card-purchase/confirm-card-purchase.html
src/pages/integrations/gift-cards/purchased-cards/card-list-item/card-list-item.ts
src/pages/integrations/gift-cards/purchased-cards/purchased-cards.ts
src/pages/integrations/gift-cards/purchased-cards/purchased-cards.html
src/pages/integrations/gift-cards/purchased-cards/purchased-cards.spec.ts
src/pages/integrations/gift-cards/card-catalog/card-catalog.ts
src/pages/integrations/gift-cards/card-catalog/card-catalog.html
src/pages/integrations/gift-cards/card-details/card-details.html
src/pages/integrations/gift-cards/card-details/printable-card/printable-card.ts
src/pages/integrations/gift-cards/card-details/card-details.ts
src/pages/integrations/gift-cards/card-details/redeem-instructions/redeem-instructions.html
src/pages/integrations/gift-cards/card-details/redeem-instructions/redeem-instructions.ts
src/pages/integrations/gift-cards/gift-cards.ts
src/pages/integrations/bitpay-card/bitpay-card-topup/bitpay-card-topup.html
src/pages/integrations/bitpay-card/bitpay-card-topup/bitpay-card-topup.ts
src/pages/integrations/bitpay-card/bitpay-card-phases/phase-one/phase-one-intro-page/phase-one-intro-page.html
src/pages/integrations/bitpay-card/bitpay-card-phases/phase-one/phase-one-intro-page/phase-one-intro-page.ts
src/pages/integrations/bitpay-card/bitpay-settings/bitpay-settings.ts
src/pages/integrations/bitpay-card/bitpay-settings/bitpay-settings.html
src/pages/integrations/bitpay-card/bitpay-card.html
src/pages/integrations/bitpay-card/bitpay-card-home/bitpay-card-home.html
src/pages/integrations/bitpay-card/bitpay-card-home/bitpay-card-home.ts
src/pages/integrations/bitpay-card/bitpay-card.scss
src/pages/integrations/bitpay-card/bitpay-card.ts
src/pages/integrations/bitpay-card/bitpay-card-intro/bitpay-card-intro.ts
src/pages/integrations/bitpay-card/bitpay-card-intro/bitpay-card-intro.html
src/pages/integrations/bitpay-card/bitpay-card-intro/bitpay-card-intro.scss
src/pages/integrations/simplex/simplex.ts
src/pages/integrations/simplex/simplex-details/simplex-details.html
src/pages/integrations/simplex/simplex-details/simplex-details.ts
src/pages/integrations/simplex/simplex.html
src/pages/integrations/wallet-connect/wallet-connect-settings/wallet-connect-settings.ts
src/pages/integrations/wallet-connect/wallet-connect-settings/wallet-connect-settings.html
src/pages/integrations/wallet-connect/wallet-connect.ts
src/pages/integrations/wallet-connect/wallet-connect.html
src/pages/integrations/wyre/wyre.html
src/pages/integrations/wyre/wyre.ts
src/pages/integrations/wyre/wyre-details/wyre-details.ts
src/pages/integrations/wyre/wyre-details/wyre-details.html
src/pages/cards/cards.ts
src/pages/cards/cards.html
src/pages/cards/cards.scss
src/pages/home/home.scss
src/pages/home/home.html
src/pages/home/price-page/price-page.html
src/pages/home/price-page/price-page.ts
src/pages/home/home.ts
src/pages/receive/custom-amount/custom-amount.ts
src/pages/receive/custom-amount/custom-amount.html
src/pages/new-feature/new-feature.html
src/pages/new-feature/new-feature.ts
src/pages/buy-crypto/crypto-offers/crypto-offers.ts
src/pages/buy-crypto/crypto-offers/crypto-offers.html
src/pages/buy-crypto/country-selector/country-selector.html
src/pages/buy-crypto/country-selector/country-selector.ts
src/pages/buy-crypto/crypto-coin-selector/crypto-coin-selector.ts
src/pages/buy-crypto/crypto-coin-selector/crypto-coin-selector.html
src/pages/buy-crypto/crypto-order-summary/crypto-order-summary.html
src/pages/buy-crypto/crypto-order-summary/crypto-order-summary.ts
src/pages/buy-crypto/crypto-payment-method/crypto-payment-method.ts
src/pages/buy-crypto/crypto-payment-method/crypto-payment-method.html
src/pages/buy-crypto/crypto-settings/crypto-settings.ts
src/pages/buy-crypto/crypto-settings/crypto-settings.html
src/pages/onboarding/collect-email/collect-email.ts
src/pages/onboarding/collect-email/collect-email.html
src/pages/onboarding/lock-method/lock-method.html
src/pages/onboarding/lock-method/lock-method.ts
src/pages/onboarding/add-funds/add-funds.html
src/pages/onboarding/add-funds/add-funds.ts
src/pages/onboarding/recovery-key/recovery-key.ts
src/pages/onboarding/recovery-key/recovery-key.html
src/pages/onboarding/disclaimer/disclaimer.ts
src/pages/onboarding/disclaimer/disclaimer.html
src/pages/onboarding/feature-education/feature-education.ts
src/pages/onboarding/feature-education/feature-education.html
src/pages/tabs/tabs.ts
src/pages/tabs/tabs.html
src/pages/add/custom-token/custom-token.html
src/pages/add/custom-token/custom-token.ts
src/pages/add/custom-token/custom-token.spec.ts
src/pages/add/custom-token/search-token-modal/search-token-modal.ts
src/pages/add/custom-token/search-token-modal/search-token-modal.html
src/pages/add/create-wallet/create-wallet.spec.ts
src/pages/add/create-wallet/create-wallet.ts
src/pages/add/create-wallet/create-wallet.html
src/pages/add/import-wallet/import-wallet.spec.ts
src/pages/add/import-wallet/import-wallet.ts
src/pages/add/import-wallet/import-wallet.html
src/pages/add/join-wallet/join-wallet.ts
src/pages/add/join-wallet/join-wallet.html
src/pages/add/add.html
src/pages/add/select-currency/select-currency.ts
src/pages/add/select-currency/select-currency.html
src/pages/add/add.ts
src/pages/add/copayers/copayers.ts
src/pages/add/copayers/copayers.scss
src/pages/add/copayers/copayers.html
src/pages/add/create-eth-multisig/create-eth-multisig.html
src/pages/add/create-eth-multisig/create-eth-multisig.ts
src/polyfills.ts
src/assets/fonts/roboto.scss
src/assets/fonts/ionicons.scss
src/assets/fonts/noto-sans.scss
