/mnt/disk273/doc/coding/linters-article/src/app/app.component.ts
/mnt/disk273/doc/coding/linters-article/src/components/chart-component/chart-component.ts
/mnt/disk273/doc/coding/linters-article/src/components/wallet-item-content/wallet-item-content.ts
/mnt/disk273/doc/coding/linters-article/src/pages/add/create-wallet/create-wallet.ts
/mnt/disk273/doc/coding/linters-article/src/pages/add/import-wallet/import-wallet.ts
/mnt/disk273/doc/coding/linters-article/src/pages/add/join-wallet/join-wallet.ts
/mnt/disk273/doc/coding/linters-article/src/pages/cards/cards.ts
/mnt/disk273/doc/coding/linters-article/src/pages/exchange-crypto/exchange-crypto.ts
/mnt/disk273/doc/coding/linters-article/src/pages/integrations/bitpay-card/bitpay-card-topup/bitpay-card-topup.ts
/mnt/disk273/doc/coding/linters-article/src/pages/integrations/gift-cards/confirm-card-purchase/confirm-card-purchase.ts
/mnt/disk273/doc/coding/linters-article/src/pages/integrations/gift-cards/purchased-cards/card-list-item/card-list-item.ts
/mnt/disk273/doc/coding/linters-article/src/pages/integrations/wyre/wyre-details/wyre-details.ts
/mnt/disk273/doc/coding/linters-article/src/pages/integrations/wyre/wyre.ts
/mnt/disk273/doc/coding/linters-article/src/pages/scan/scan.ts
/mnt/disk273/doc/coding/linters-article/src/pages/send/amount/amount.ts
/mnt/disk273/doc/coding/linters-article/src/pages/send/confirm/confirm.ts
/mnt/disk273/doc/coding/linters-article/src/pages/send/multi-send/multi-send.ts
/mnt/disk273/doc/coding/linters-article/src/pages/send/select-inputs/select-inputs.ts
/mnt/disk273/doc/coding/linters-article/src/pages/send/send.ts
/mnt/disk273/doc/coding/linters-article/src/pages/settings/wallet-settings/wallet-settings-advanced/wallet-transaction-history/wallet-transaction-history.ts
/mnt/disk273/doc/coding/linters-article/src/pages/tx-details/tx-details.ts
/mnt/disk273/doc/coding/linters-article/src/pipes/order-by.ts
/mnt/disk273/doc/coding/linters-article/src/providers/address/address.ts
/mnt/disk273/doc/coding/linters-article/src/providers/bitpay-card/bitpay-card.ts
/mnt/disk273/doc/coding/linters-article/src/providers/bwc-error/bwc-error.ts
/mnt/disk273/doc/coding/linters-article/src/providers/changelly/changelly.ts
/mnt/disk273/doc/coding/linters-article/src/providers/coinbase/coinbase.ts
/mnt/disk273/doc/coding/linters-article/src/providers/config/config.ts
/mnt/disk273/doc/coding/linters-article/src/providers/in-app-browser/card.ts
/mnt/disk273/doc/coding/linters-article/src/providers/incoming-data/incoming-data.ts
/mnt/disk273/doc/coding/linters-article/src/providers/new-feature-data/new-feature-data.ts
/mnt/disk273/doc/coding/linters-article/src/providers/popup/popup.ts
/mnt/disk273/doc/coding/linters-article/src/providers/profile/profile.ts
/mnt/disk273/doc/coding/linters-article/src/providers/rate/rate.ts
/mnt/disk273/doc/coding/linters-article/src/providers/tx-format/tx-format.ts
/mnt/disk273/doc/coding/linters-article/src/providers/wallet/wallet.ts
/mnt/disk273/doc/coding/linters-article/src/providers/wyre/wyre.ts
