
> lint@1.2.0 lint:spell
> cspell -c ${LINTER_PATH}.cspell.json './src/**/*.{js,ts}'

/mnt/disk273/doc/coding/linters-article/src/app/app.component.ts:59:10 - Unknown word (Copayers)
/mnt/disk273/doc/coding/linters-article/src/app/app.component.ts:59:44 - Unknown word (copayers)
/mnt/disk273/doc/coding/linters-article/src/app/app.component.ts:59:53 - Unknown word (copayers)
/mnt/disk273/doc/coding/linters-article/src/app/app.component.ts:64:60 - Unknown word (bitpay)
/mnt/disk273/doc/coding/linters-article/src/app/app.component.ts:64:72 - Unknown word (bitpay)
/mnt/disk273/doc/coding/linters-article/src/app/app.component.ts:64:90 - Unknown word (bitpay)
/mnt/disk273/doc/coding/linters-article/src/app/app.component.ts:65:58 - Unknown word (bitpay)
/mnt/disk273/doc/coding/linters-article/src/app/app.component.ts:65:70 - Unknown word (bitpay)
/mnt/disk273/doc/coding/linters-article/src/app/app.component.ts:103:13 - Unknown word (Copayer)
/mnt/disk273/doc/coding/linters-article/src/app/app.component.ts:104:11 - Unknown word (copayer)
/mnt/disk273/doc/coding/linters-article/src/app/app.component.ts:115:5 - Unknown word (Copayers)
/mnt/disk273/doc/coding/linters-article/src/app/app.component.ts:346:21 - Unknown word (NONAGREEDDISCLAIMER)
/mnt/disk273/doc/coding/linters-article/src/app/app.component.ts:393:35 - Unknown word (Bitpay)
/mnt/disk273/doc/coding/linters-article/src/app/app.component.ts:564:50 - Unknown word (giftcards)
/mnt/disk273/doc/coding/linters-article/src/app/app.component.ts:689:18 - Unknown word (Copayer)
/mnt/disk273/doc/coding/linters-article/src/app/app.component.ts:690:14 - Unknown word (copayer)
/mnt/disk273/doc/coding/linters-article/src/app/app.component.ts:692:14 - Unknown word (Copayer)
/mnt/disk273/doc/coding/linters-article/src/app/app.component.ts:693:12 - Unknown word (copayer)
/mnt/disk273/doc/coding/linters-article/src/app/app.component.ts:694:9 - Unknown word (Copayers)
/mnt/disk273/doc/coding/linters-article/src/app/app.component.ts:703:12 - Unknown word (copayer)
/mnt/disk273/doc/coding/linters-article/src/app/app.component.ts:704:12 - Unknown word (copayer)
/mnt/disk273/doc/coding/linters-article/src/app/app.component.ts:705:16 - Unknown word (Copayer)
/mnt/disk273/doc/coding/linters-article/src/app/app.component.ts:773:27 - Unknown word (bitcoincash)
/mnt/disk273/doc/coding/linters-article/src/app/app.component.ts:775:63 - Unknown word (bitcoincash)
/mnt/disk273/doc/coding/linters-article/src/components/footer-menu/footer-menu.ts:34:39 - Unknown word (bitpay)
/mnt/disk273/doc/coding/linters-article/src/components/footer-menu/footer-menu.ts:50:39 - Unknown word (bitpay)
/mnt/disk273/doc/coding/linters-article/src/components/footer-menu/footer-menu.ts:101:29 - Unknown word (giftcards)
/mnt/disk273/doc/coding/linters-article/src/components/gift-card-discount-text/gift-card-discount-text.ts:11:37 - Unknown word (flatrate)
/mnt/disk273/doc/coding/linters-article/src/components/gift-card-discount-text/gift-card-discount-text.ts:23:31 - Unknown word (flatrate)
/mnt/disk273/doc/coding/linters-article/src/pages/add/copayers/copayers.ts:21:19 - Unknown word (copayers)
/mnt/disk273/doc/coding/linters-article/src/pages/add/copayers/copayers.ts:22:17 - Unknown word (copayers)
/mnt/disk273/doc/coding/linters-article/src/pages/add/copayers/copayers.ts:24:14 - Unknown word (Copayers)
/mnt/disk273/doc/coding/linters-article/src/pages/add/copayers/copayers.ts:31:10 - Unknown word (copayers)
/mnt/disk273/doc/coding/linters-article/src/pages/add/copayers/copayers.ts:60:10 - Unknown word (copayers)
/mnt/disk273/doc/coding/linters-article/src/pages/add/copayers/copayers.ts:67:31 - Unknown word (Copayers)
/mnt/disk273/doc/coding/linters-article/src/pages/add/copayers/copayers.ts:108:12 - Unknown word (copayers)
/mnt/disk273/doc/coding/linters-article/src/pages/add/copayers/copayers.ts:112:10 - Unknown word (Copayers)
/mnt/disk273/doc/coding/linters-article/src/pages/add/copayers/copayers.ts:114:9 - Unknown word (Copayers)
/mnt/disk273/doc/coding/linters-article/src/pages/add/create-eth-multisig/create-eth-multisig.ts:28:29 - Unknown word (Copayers)
/mnt/disk273/doc/coding/linters-article/src/pages/add/create-eth-multisig/create-eth-multisig.ts:130:32 - Unknown word (Copayers)
/mnt/disk273/doc/coding/linters-article/src/pages/add/create-eth-multisig/create-eth-multisig.ts:162:14 - Unknown word (Copayers)
/mnt/disk273/doc/coding/linters-article/src/pages/add/create-wallet/create-wallet.spec.ts:22:24 - Unknown word (Copayers)
/mnt/disk273/doc/coding/linters-article/src/pages/add/create-wallet/create-wallet.spec.ts:27:24 - Unknown word (Copayers)
/mnt/disk273/doc/coding/linters-article/src/pages/add/create-wallet/create-wallet.spec.ts:58:42 - Unknown word (Copayers)
/mnt/disk273/doc/coding/linters-article/src/pages/add/create-wallet/create-wallet.spec.ts:59:39 - Unknown word (Copayers)
/mnt/disk273/doc/coding/linters-article/src/pages/add/create-wallet/create-wallet.ts:32:10 - Unknown word (Copayers)
/mnt/disk273/doc/coding/linters-article/src/pages/add/create-wallet/create-wallet.ts:32:41 - Unknown word (copayers)
/mnt/disk273/doc/coding/linters-article/src/pages/add/create-wallet/create-wallet.ts:32:50 - Unknown word (copayers)
/mnt/disk273/doc/coding/linters-article/src/pages/add/create-wallet/create-wallet.ts:42:11 - Unknown word (COPAYER)
/mnt/disk273/doc/coding/linters-article/src/pages/add/create-wallet/create-wallet.ts:64:10 - Unknown word (copayers)
/mnt/disk273/doc/coding/linters-article/src/pages/add/create-wallet/create-wallet.ts:110:57 - Unknown word (Copayers)
/mnt/disk273/doc/coding/linters-article/src/pages/add/create-wallet/create-wallet.ts:111:10 - Unknown word (copayers)
/mnt/disk273/doc/coding/linters-article/src/pages/add/create-wallet/create-wallet.ts:111:58 - Unknown word (Copayers)
/mnt/disk273/doc/coding/linters-article/src/pages/add/create-wallet/create-wallet.ts:123:12 - Unknown word (Copayers)
/mnt/disk273/doc/coding/linters-article/src/pages/add/create-wallet/create-wallet.ts:124:15 - Unknown word (Copayers)
/mnt/disk273/doc/coding/linters-article/src/pages/add/create-wallet/create-wallet.ts:159:25 - Unknown word (COPAYER)
/mnt/disk273/doc/coding/linters-article/src/pages/add/create-wallet/create-wallet.ts:355:21 - Unknown word (copayer)
/mnt/disk273/doc/coding/linters-article/src/pages/add/create-wallet/create-wallet.ts:364:15 - Unknown word (copayer)
/mnt/disk273/doc/coding/linters-article/src/pages/add/create-wallet/create-wallet.ts:416:18 - Unknown word (copayers)
/mnt/disk273/doc/coding/linters-article/src/pages/add/join-wallet/join-wallet.ts:13:10 - Unknown word (Copayers)
/mnt/disk273/doc/coding/linters-article/src/pages/add/join-wallet/join-wallet.ts:13:41 - Unknown word (copayers)
/mnt/disk273/doc/coding/linters-article/src/pages/add/join-wallet/join-wallet.ts:13:50 - Unknown word (copayers)
/mnt/disk273/doc/coding/linters-article/src/pages/add/join-wallet/join-wallet.ts:401:21 - Unknown word (copayer)
/mnt/disk273/doc/coding/linters-article/src/pages/add/join-wallet/join-wallet.ts:402:17 - Unknown word (Copayers)
/mnt/disk273/doc/coding/linters-article/src/pages/add/join-wallet/join-wallet.ts:410:15 - Unknown word (copayer)
/mnt/disk273/doc/coding/linters-article/src/pages/add/select-currency/select-currency.ts:249:18 - Unknown word (Createit)
/mnt/disk273/doc/coding/linters-article/src/pages/add/select-currency/select-currency.ts:256:49 - Unknown word (Createit)
/mnt/disk273/doc/coding/linters-article/src/pages/buy-crypto/country-selector/country-selector.ts:5:52 - Unknown word (bitpay)
/mnt/disk273/doc/coding/linters-article/src/pages/buy-crypto/country-selector/country-selector.ts:5:59 - Unknown word (bitpay)
/mnt/disk273/doc/coding/linters-article/src/pages/buy-crypto/crypto-order-summary/crypto-order-summary.ts:9:52 - Unknown word (bitpay)
/mnt/disk273/doc/coding/linters-article/src/pages/buy-crypto/crypto-order-summary/crypto-order-summary.ts:9:59 - Unknown word (bitpay)
/mnt/disk273/doc/coding/linters-article/src/pages/cards/cards.ts:36:10 - Unknown word (bitpay)
/mnt/disk273/doc/coding/linters-article/src/pages/cards/cards.ts:41:14 - Unknown word (Bitpay)
/mnt/disk273/doc/coding/linters-article/src/pages/cards/cards.ts:79:14 - Unknown word (bitpay)
/mnt/disk273/doc/coding/linters-article/src/pages/cards/cards.ts:93:12 - Unknown word (bitpay)
/mnt/disk273/doc/coding/linters-article/src/pages/cards/cards.ts:111:8 - Unknown word (giftcards)
/mnt/disk273/doc/coding/linters-article/src/pages/cards/cards.ts:113:14 - Unknown word (Bitpay)
/mnt/disk273/doc/coding/linters-article/src/pages/cards/cards.ts:121:10 - Unknown word (bitpay)
/mnt/disk273/doc/coding/linters-article/src/pages/cards/cards.ts:148:44 - Unknown word (Bitpay)
/mnt/disk273/doc/coding/linters-article/src/pages/cards/cards.ts:156:16 - Unknown word (bitpay)
/mnt/disk273/doc/coding/linters-article/src/pages/cards/cards.ts:196:18 - Unknown word (Bitpay)
/mnt/disk273/doc/coding/linters-article/src/pages/cards/cards.ts:215:22 - Unknown word (Bitpay)
/mnt/disk273/doc/coding/linters-article/src/pages/exchange-crypto/exchange-checkout/exchange-checkout.ts:36:13 - Unknown word (bitcore)
/mnt/disk273/doc/coding/linters-article/src/pages/exchange-crypto/exchange-checkout/exchange-checkout.ts:54:11 - Unknown word (bitpay)
/mnt/disk273/doc/coding/linters-article/src/pages/exchange-crypto/exchange-checkout/exchange-checkout.ts:105:10 - Unknown word (bitcore)
/mnt/disk273/doc/coding/linters-article/src/pages/exchange-crypto/exchange-checkout/exchange-checkout.ts:105:44 - Unknown word (Bitcore)
/mnt/disk273/doc/coding/linters-article/src/pages/exchange-crypto/exchange-checkout/exchange-checkout.ts:174:52 - Unknown word (Bitpay)
/mnt/disk273/doc/coding/linters-article/src/pages/exchange-crypto/exchange-checkout/exchange-checkout.ts:182:24 - Unknown word (bitpay)
/mnt/disk273/doc/coding/linters-article/src/pages/exchange-crypto/exchange-checkout/exchange-checkout.ts:185:67 - Unknown word (bitpay)
/mnt/disk273/doc/coding/linters-article/src/pages/exchange-crypto/exchange-checkout/exchange-checkout.ts:187:78 - Unknown word (bitpay)
/mnt/disk273/doc/coding/linters-article/src/pages/exchange-crypto/exchange-checkout/exchange-checkout.ts:192:44 - Unknown word (bitcore)
/mnt/disk273/doc/coding/linters-article/src/pages/exchange-crypto/exchange-crypto-settings/exchange-crypto-settings.ts:47:15 - Unknown word (shpeshift)
/mnt/disk273/doc/coding/linters-article/src/pages/exchange-crypto/exchange-crypto-settings/exchange-crypto-settings.ts:47:38 - Unknown word (shpeshift)
/mnt/disk273/doc/coding/linters-article/src/pages/home/home.ts:45:54 - Unknown word (bitpay)
/mnt/disk273/doc/coding/linters-article/src/pages/home/home.ts:45:66 - Unknown word (bitpay)
/mnt/disk273/doc/coding/linters-article/src/pages/home/home.ts:45:84 - Unknown word (bitpay)
/mnt/disk273/doc/coding/linters-article/src/pages/home/home.ts:46:52 - Unknown word (bitpay)
/mnt/disk273/doc/coding/linters-article/src/pages/home/home.ts:46:64 - Unknown word (bitpay)
/mnt/disk273/doc/coding/linters-article/src/pages/home/home.ts:402:35 - Unknown word (Bitcore)
/mnt/disk273/doc/coding/linters-article/src/pages/home/home.ts:513:15 - Unknown word (giftcards)
/mnt/disk273/doc/coding/linters-article/src/pages/home/home.ts:607:27 - Unknown word (waitlist)
/mnt/disk273/doc/coding/linters-article/src/pages/home/home.ts:651:26 - Unknown word (flatrate)
/mnt/disk273/doc/coding/linters-article/src/pages/home/home.ts:841:57 - Unknown word (Bitpay)
/mnt/disk273/doc/coding/linters-article/src/pages/integrations/bitpay-card/bitpay-card-home/bitpay-card-home.ts:18:41 - Unknown word (bitpay)
/mnt/disk273/doc/coding/linters-article/src/pages/integrations/bitpay-card/bitpay-card-home/bitpay-card-home.ts:18:59 - Unknown word (bitpay)
/mnt/disk273/doc/coding/linters-article/src/pages/integrations/bitpay-card/bitpay-card-home/bitpay-card-home.ts:19:39 - Unknown word (bitpay)
/mnt/disk273/doc/coding/linters-article/src/pages/integrations/bitpay-card/bitpay-card-home/bitpay-card-home.ts:22:14 - Unknown word (bitpay)
/mnt/disk273/doc/coding/linters-article/src/pages/integrations/bitpay-card/bitpay-card-home/bitpay-card-home.ts:23:17 - Unknown word (bitpay)
/mnt/disk273/doc/coding/linters-article/src/pages/integrations/bitpay-card/bitpay-card-home/bitpay-card-home.ts:59:16 - Unknown word (Bitpay)
/mnt/disk273/doc/coding/linters-article/src/pages/integrations/bitpay-card/bitpay-card-home/bitpay-card-home.ts:104:58 - Unknown word (Bitpay)
/mnt/disk273/doc/coding/linters-article/src/pages/integrations/bitpay-card/bitpay-card-intro/bitpay-card-intro.ts:10:62 - Unknown word (bitpay)
/mnt/disk273/doc/coding/linters-article/src/pages/integrations/bitpay-card/bitpay-card-intro/bitpay-card-intro.ts:10:77 - Unknown word (bitpay)
/mnt/disk273/doc/coding/linters-article/src/pages/integrations/bitpay-card/bitpay-card-intro/bitpay-card-intro.ts:11:59 - Unknown word (bitpay)
/mnt/disk273/doc/coding/linters-article/src/pages/integrations/bitpay-card/bitpay-card-intro/bitpay-card-intro.ts:11:71 - Unknown word (bitpay)
/mnt/disk273/doc/coding/linters-article/src/pages/integrations/bitpay-card/bitpay-card-intro/bitpay-card-intro.ts:17:36 - Unknown word (bitpay)
/mnt/disk273/doc/coding/linters-article/src/pages/integrations/bitpay-card/bitpay-card-phases/phase-one/phase-one-intro-page/phase-one-intro-page.ts:9:68 - Unknown word (bitpay)
/mnt/disk273/doc/coding/linters-article/src/pages/integrations/bitpay-card/bitpay-card-phases/phase-one/phase-one-intro-page/phase-one-intro-page.ts:9:83 - Unknown word (bitpay)
/mnt/disk273/doc/coding/linters-article/src/pages/integrations/bitpay-card/bitpay-card-phases/phase-one/phase-one-intro-page/phase-one-intro-page.ts:10:65 - Unknown word (bitpay)
/mnt/disk273/doc/coding/linters-article/src/pages/integrations/bitpay-card/bitpay-card-phases/phase-one/phase-one-intro-page/phase-one-intro-page.ts:10:77 - Unknown word (bitpay)
/mnt/disk273/doc/coding/linters-article/src/pages/integrations/bitpay-card/bitpay-card-phases/phase-one/phase-one-intro-page/phase-one-intro-page.ts:60:19 - Unknown word (bitpay)
/mnt/disk273/doc/coding/linters-article/src/pages/integrations/bitpay-card/bitpay-card-phases/phase-one/phase-one-intro-page/phase-one-intro-page.ts:77:14 - Unknown word (Waitlist)
/mnt/disk273/doc/coding/linters-article/src/pages/integrations/bitpay-card/bitpay-card-phases/phase-one/phase-one-intro-page/phase-one-intro-page.ts:141:16 - Unknown word (Waitlist)
/mnt/disk273/doc/coding/linters-article/src/pages/integrations/bitpay-card/bitpay-card-topup/bitpay-card-topup.ts:9:36 - Unknown word (bitpay)
/mnt/disk273/doc/coding/linters-article/src/pages/integrations/bitpay-card/bitpay-card-topup/bitpay-card-topup.ts:14:59 - Unknown word (bitpay)
/mnt/disk273/doc/coding/linters-article/src/pages/integrations/bitpay-card/bitpay-card-topup/bitpay-card-topup.ts:14:71 - Unknown word (bitpay)
/mnt/disk273/doc/coding/linters-article/src/pages/integrations/bitpay-card/bitpay-card-topup/bitpay-card-topup.ts:15:55 - Unknown word (bitpay)
/mnt/disk273/doc/coding/linters-article/src/pages/integrations/bitpay-card/bitpay-card-topup/bitpay-card-topup.ts:15:62 - Unknown word (bitpay)
/mnt/disk273/doc/coding/linters-article/src/pages/integrations/bitpay-card/bitpay-card-topup/bitpay-card-topup.ts:68:11 - Unknown word (bitcore)
/mnt/disk273/doc/coding/linters-article/src/pages/integrations/bitpay-card/bitpay-card-topup/bitpay-card-topup.ts:114:10 - Unknown word (bitcore)
/mnt/disk273/doc/coding/linters-article/src/pages/integrations/bitpay-card/bitpay-card-topup/bitpay-card-topup.ts:114:44 - Unknown word (Bitcore)
/mnt/disk273/doc/coding/linters-article/src/pages/integrations/bitpay-card/bitpay-card-topup/bitpay-card-topup.ts:458:38 - Unknown word (bitcore)
/mnt/disk273/doc/coding/linters-article/src/pages/integrations/bitpay-card/bitpay-card.ts:10:56 - Unknown word (bitpay)
/mnt/disk273/doc/coding/linters-article/src/pages/integrations/bitpay-card/bitpay-card.ts:10:68 - Unknown word (bitpay)
/mnt/disk273/doc/coding/linters-article/src/pages/integrations/bitpay-card/bitpay-card.ts:11:52 - Unknown word (bitpay)
/mnt/disk273/doc/coding/linters-article/src/pages/integrations/bitpay-card/bitpay-card.ts:11:59 - Unknown word (bitpay)
/mnt/disk273/doc/coding/linters-article/src/pages/integrations/bitpay-card/bitpay-card.ts:24:19 - Unknown word (bitpay)
/mnt/disk273/doc/coding/linters-article/src/pages/integrations/bitpay-card/bitpay-settings/bitpay-settings.ts:8:62 - Unknown word (bitpay)
/mnt/disk273/doc/coding/linters-article/src/pages/integrations/bitpay-card/bitpay-settings/bitpay-settings.ts:8:77 - Unknown word (bitpay)
/mnt/disk273/doc/coding/linters-article/src/pages/integrations/bitpay-card/bitpay-settings/bitpay-settings.ts:9:59 - Unknown word (bitpay)
/mnt/disk273/doc/coding/linters-article/src/pages/integrations/bitpay-card/bitpay-settings/bitpay-settings.ts:9:71 - Unknown word (bitpay)
/mnt/disk273/doc/coding/linters-article/src/pages/integrations/bitpay-card/bitpay-settings/bitpay-settings.ts:16:19 - Unknown word (bitpay)
/mnt/disk273/doc/coding/linters-article/src/pages/integrations/gift-cards/card-catalog/card-catalog.ts:179:37 - Unknown word (giftcards)
/mnt/disk273/doc/coding/linters-article/src/pages/integrations/gift-cards/card-catalog/card-catalog.ts:183:37 - Unknown word (giftcards)
/mnt/disk273/doc/coding/linters-article/src/pages/integrations/gift-cards/card-details/card-details.ts:155:39 - Unknown word (giftcards)
/mnt/disk273/doc/coding/linters-article/src/pages/integrations/gift-cards/card-details/card-details.ts:160:39 - Unknown word (giftcards)
/mnt/disk273/doc/coding/linters-article/src/pages/integrations/gift-cards/card-details/printable-card/printable-card.ts:20:7 - Unknown word (crossorigin)
/mnt/disk273/doc/coding/linters-article/src/pages/integrations/gift-cards/confirm-card-purchase/confirm-card-purchase.ts:142:13 - Unknown word (bitpay)
/mnt/disk273/doc/coding/linters-article/src/pages/integrations/gift-cards/confirm-card-purchase/confirm-card-purchase.ts:258:39 - Unknown word (giftcards)
/mnt/disk273/doc/coding/linters-article/src/pages/integrations/gift-cards/confirm-card-purchase/confirm-card-purchase.ts:267:39 - Unknown word (giftcards)
/mnt/disk273/doc/coding/linters-article/src/pages/integrations/gift-cards/confirm-card-purchase/confirm-card-purchase.ts:406:14 - Unknown word (Bitpay)
/mnt/disk273/doc/coding/linters-article/src/pages/integrations/gift-cards/confirm-card-purchase/confirm-card-purchase.ts:464:19 - Unknown word (giftcards)
/mnt/disk273/doc/coding/linters-article/src/pages/integrations/gift-cards/confirm-card-purchase/confirm-card-purchase.ts:511:28 - Unknown word (bitcore)
/mnt/disk273/doc/coding/linters-article/src/pages/integrations/gift-cards/confirm-card-purchase/confirm-card-purchase.ts:938:10 - Unknown word (bitpay)
/mnt/disk273/doc/coding/linters-article/src/pages/integrations/gift-cards/gift-cards-settings/gift-cards-settings.ts:30:8 - Unknown word (giftcards)
/mnt/disk273/doc/coding/linters-article/src/pages/integrations/gift-cards/gift-cards-settings/gift-cards-settings.ts:44:49 - Unknown word (giftcards)
/mnt/disk273/doc/coding/linters-article/src/pages/integrations/gift-cards/gift-cards-settings/gift-cards-settings.ts:46:26 - Unknown word (giftcards)
/mnt/disk273/doc/coding/linters-article/src/pages/integrations/wallet-connect/wallet-connect.ts:144:33 - Unknown word (disconected)
/mnt/disk273/doc/coding/linters-article/src/pages/pages.ts:4:10 - Unknown word (Copayers)
/mnt/disk273/doc/coding/linters-article/src/pages/pages.ts:4:44 - Unknown word (copayers)
/mnt/disk273/doc/coding/linters-article/src/pages/pages.ts:4:53 - Unknown word (copayers)
/mnt/disk273/doc/coding/linters-article/src/pages/pages.ts:69:55 - Unknown word (bitpay)
/mnt/disk273/doc/coding/linters-article/src/pages/pages.ts:69:67 - Unknown word (bitpay)
/mnt/disk273/doc/coding/linters-article/src/pages/pages.ts:70:55 - Unknown word (bitpay)
/mnt/disk273/doc/coding/linters-article/src/pages/pages.ts:70:67 - Unknown word (bitpay)
/mnt/disk273/doc/coding/linters-article/src/pages/pages.ts:70:84 - Unknown word (bitpay)
/mnt/disk273/doc/coding/linters-article/src/pages/pages.ts:190:3 - Unknown word (Copayers)
/mnt/disk273/doc/coding/linters-article/src/pages/paper-wallet/paper-wallet.ts:47:11 - Unknown word (bitcore)
/mnt/disk273/doc/coding/linters-article/src/pages/paper-wallet/paper-wallet.ts:69:10 - Unknown word (bitcore)
/mnt/disk273/doc/coding/linters-article/src/pages/paper-wallet/paper-wallet.ts:69:40 - Unknown word (Bitcore)
/mnt/disk273/doc/coding/linters-article/src/pages/paper-wallet/paper-wallet.ts:169:16 - Unknown word (bitcore)
/mnt/disk273/doc/coding/linters-article/src/pages/scan/scan.ts:259:18 - Unknown word (Parms)
/mnt/disk273/doc/coding/linters-article/src/pages/scan/scan.ts:263:54 - Unknown word (Parms)
/mnt/disk273/doc/coding/linters-article/src/pages/scan/scan.ts:266:18 - Unknown word (Parms)
/mnt/disk273/doc/coding/linters-article/src/pages/scan/scan.ts:267:54 - Unknown word (Parms)
/mnt/disk273/doc/coding/linters-article/src/pages/send/amount/amount.ts:35:57 - Unknown word (bitpay)
/mnt/disk273/doc/coding/linters-article/src/pages/send/amount/amount.ts:35:69 - Unknown word (bitpay)
/mnt/disk273/doc/coding/linters-article/src/pages/send/amount/amount.ts:35:87 - Unknown word (bitpay)
/mnt/disk273/doc/coding/linters-article/src/pages/send/amount/amount.ts:460:30 - Unknown word (Bitpaycard)
/mnt/disk273/doc/coding/linters-article/src/pages/send/amount/amount.ts:469:28 - Unknown word (Bitpaycard)
/mnt/disk273/doc/coding/linters-article/src/pages/send/amount/amount.ts:474:25 - Unknown word (Bitpaycard)
/mnt/disk273/doc/coding/linters-article/src/pages/send/confirm/confirm.ts:60:13 - Unknown word (bitcore)
/mnt/disk273/doc/coding/linters-article/src/pages/send/confirm/confirm.ts:168:10 - Unknown word (bitcore)
/mnt/disk273/doc/coding/linters-article/src/pages/send/confirm/confirm.ts:168:44 - Unknown word (Bitcore)
/mnt/disk273/doc/coding/linters-article/src/pages/send/confirm/confirm.ts:304:32 - Unknown word (bitcore)
/mnt/disk273/doc/coding/linters-article/src/pages/send/confirm/confirm.ts:1059:40 - Unknown word (bitcore)
/mnt/disk273/doc/coding/linters-article/src/pages/send/confirm/confirm.ts:1324:39 - Unknown word (Copayers)
/mnt/disk273/doc/coding/linters-article/src/pages/send/multi-send/multi-send.ts:34:10 - Unknown word (bitcore)
/mnt/disk273/doc/coding/linters-article/src/pages/send/multi-send/multi-send.ts:80:10 - Unknown word (bitcore)
/mnt/disk273/doc/coding/linters-article/src/pages/send/multi-send/multi-send.ts:81:32 - Unknown word (Bitcore)
/mnt/disk273/doc/coding/linters-article/src/pages/send/multi-send/multi-send.ts:82:32 - Unknown word (Bitcore)
/mnt/disk273/doc/coding/linters-article/src/pages/send/multi-send/multi-send.ts:83:33 - Unknown word (Bitcore)
/mnt/disk273/doc/coding/linters-article/src/pages/send/multi-send/multi-send.ts:84:32 - Unknown word (Bitcore)
/mnt/disk273/doc/coding/linters-article/src/pages/send/multi-send/multi-send.ts:195:18 - Unknown word (bitcore)
/mnt/disk273/doc/coding/linters-article/src/pages/send/multi-send/multi-send.ts:196:25 - Unknown word (bitcore)
/mnt/disk273/doc/coding/linters-article/src/pages/send/select-inputs/select-inputs.ts:39:10 - Unknown word (bitcore)
/mnt/disk273/doc/coding/linters-article/src/pages/send/select-inputs/select-inputs.ts:78:10 - Unknown word (bitcore)
/mnt/disk273/doc/coding/linters-article/src/pages/send/select-inputs/select-inputs.ts:79:32 - Unknown word (Bitcore)
/mnt/disk273/doc/coding/linters-article/src/pages/send/select-inputs/select-inputs.ts:80:32 - Unknown word (Bitcore)
/mnt/disk273/doc/coding/linters-article/src/pages/send/select-inputs/select-inputs.ts:81:33 - Unknown word (Bitcore)
/mnt/disk273/doc/coding/linters-article/src/pages/send/select-inputs/select-inputs.ts:82:32 - Unknown word (Bitcore)
/mnt/disk273/doc/coding/linters-article/src/pages/send/select-inputs/select-inputs.ts:177:18 - Unknown word (bitcore)
/mnt/disk273/doc/coding/linters-article/src/pages/send/select-inputs/select-inputs.ts:178:25 - Unknown word (bitcore)
/mnt/disk273/doc/coding/linters-article/src/pages/send/send.spec.ts:222:12 - Unknown word (bitcoincash)
/mnt/disk273/doc/coding/linters-article/src/pages/send/send.spec.ts:262:12 - Unknown word (bitcoincash)
/mnt/disk273/doc/coding/linters-article/src/pages/send/send.spec.ts:426:12 - Unknown word (bitcoincash)
/mnt/disk273/doc/coding/linters-article/src/pages/send/send.spec.ts:466:12 - Unknown word (bitcoincash)
/mnt/disk273/doc/coding/linters-article/src/pages/send/send.spec.ts:568:12 - Unknown word (bitcoincash)
/mnt/disk273/doc/coding/linters-article/src/pages/send/send.ts:24:10 - Unknown word (Copayers)
/mnt/disk273/doc/coding/linters-article/src/pages/send/send.ts:24:38 - Unknown word (copayers)
/mnt/disk273/doc/coding/linters-article/src/pages/send/send.ts:24:47 - Unknown word (copayers)
/mnt/disk273/doc/coding/linters-article/src/pages/send/send.ts:27:54 - Unknown word (bitpay)
/mnt/disk273/doc/coding/linters-article/src/pages/send/send.ts:27:66 - Unknown word (bitpay)
/mnt/disk273/doc/coding/linters-article/src/pages/send/send.ts:27:84 - Unknown word (bitpay)
/mnt/disk273/doc/coding/linters-article/src/pages/send/send.ts:72:5 - Unknown word (Copayers)
/mnt/disk273/doc/coding/linters-article/src/pages/settings/about/about.ts:38:13 - Unknown word (bitpay)
/mnt/disk273/doc/coding/linters-article/src/pages/settings/about/about.ts:107:14 - Unknown word (bitpay)
/mnt/disk273/doc/coding/linters-article/src/pages/settings/bitpay-id/bitpay-id.ts:15:19 - Unknown word (bitpay)
/mnt/disk273/doc/coding/linters-article/src/pages/settings/bitpay-id/bitpay-id.ts:16:17 - Unknown word (bitpay)
/mnt/disk273/doc/coding/linters-article/src/pages/settings/bitpay-id/bitpay-id.ts:22:18 - Unknown word (Bitpay)
/mnt/disk273/doc/coding/linters-article/src/pages/settings/bitpay-id/bitpay-id.ts:23:10 - Unknown word (bitpay)
/mnt/disk273/doc/coding/linters-article/src/pages/settings/bitpay-id/bitpay-id.ts:45:10 - Unknown word (bitpay)
/mnt/disk273/doc/coding/linters-article/src/pages/settings/bitpay-id/bitpay-id.ts:48:18 - Unknown word (Bitpay)
/mnt/disk273/doc/coding/linters-article/src/pages/settings/bitpay-id/bitpay-id.ts:48:57 - Unknown word (bitpay)
/mnt/disk273/doc/coding/linters-article/src/pages/settings/bitpay-id/bitpay-id.ts:54:20 - Unknown word (Bitpay)
/mnt/disk273/doc/coding/linters-article/src/pages/settings/notifications/notifications.ts:148:49 - Unknown word (offersandpromotions)
/mnt/disk273/doc/coding/linters-article/src/pages/settings/settings.ts:13:53 - Unknown word (bitpay)
/mnt/disk273/doc/coding/linters-article/src/pages/settings/settings.ts:13:65 - Unknown word (bitpay)
/mnt/disk273/doc/coding/linters-article/src/pages/settings/settings.ts:34:53 - Unknown word (bitpay)
/mnt/disk273/doc/coding/linters-article/src/pages/settings/settings.ts:34:65 - Unknown word (bitpay)
/mnt/disk273/doc/coding/linters-article/src/pages/settings/settings.ts:34:81 - Unknown word (bitpay)
/mnt/disk273/doc/coding/linters-article/src/pages/settings/settings.ts:222:24 - Unknown word (giftcards)
/mnt/disk273/doc/coding/linters-article/src/pages/settings/settings.ts:395:13 - Unknown word (giftcards)
/mnt/disk273/doc/coding/linters-article/src/pages/settings/share/share.ts:51:29 - Unknown word (bitpay)
/mnt/disk273/doc/coding/linters-article/src/pages/settings/wallet-settings/wallet-settings-advanced/wallet-duplicate/wallet-duplicate.ts:113:34 - Unknown word (copayer)
/mnt/disk273/doc/coding/linters-article/src/pages/settings/wallet-settings/wallet-settings-advanced/wallet-duplicate/wallet-duplicate.ts:141:38 - Unknown word (Copayers)
/mnt/disk273/doc/coding/linters-article/src/pages/settings/wallet-settings/wallet-settings-advanced/wallet-duplicate/wallet-duplicate.ts:142:21 - Unknown word (Copayers)
/mnt/disk273/doc/coding/linters-article/src/pages/settings/wallet-settings/wallet-settings-advanced/wallet-duplicate/wallet-duplicate.ts:179:14 - Unknown word (Copayers)
/mnt/disk273/doc/coding/linters-article/src/pages/settings/wallet-settings/wallet-settings-advanced/wallet-duplicate/wallet-duplicate.ts:184:15 - Unknown word (copayers)
/mnt/disk273/doc/coding/linters-article/src/pages/settings/wallet-settings/wallet-settings-advanced/wallet-duplicate/wallet-duplicate.ts:187:36 - Unknown word (Copayers)
/mnt/disk273/doc/coding/linters-article/src/pages/settings/wallet-settings/wallet-settings-advanced/wallet-information/wallet-information.ts:20:10 - Unknown word (copayers)
/mnt/disk273/doc/coding/linters-article/src/pages/settings/wallet-settings/wallet-settings-advanced/wallet-information/wallet-information.ts:21:10 - Unknown word (copayer)
/mnt/disk273/doc/coding/linters-article/src/pages/settings/wallet-settings/wallet-settings-advanced/wallet-information/wallet-information.ts:56:12 - Unknown word (copayers)
/mnt/disk273/doc/coding/linters-article/src/pages/settings/wallet-settings/wallet-settings-advanced/wallet-information/wallet-information.ts:56:55 - Unknown word (copayers)
/mnt/disk273/doc/coding/linters-article/src/pages/settings/wallet-settings/wallet-settings-advanced/wallet-information/wallet-information.ts:58:10 - Unknown word (copayer)
/mnt/disk273/doc/coding/linters-article/src/pages/settings/wallet-settings/wallet-settings-advanced/wallet-information/wallet-information.ts:58:46 - Unknown word (copayer)
/mnt/disk273/doc/coding/linters-article/src/pages/settings/wallet-settings/wallet-settings-advanced/wallet-service-url/wallet-service-url.ts:64:33 - Unknown word (Bitcore)
/mnt/disk273/doc/coding/linters-article/src/pages/settings/wallet-settings/wallet-settings-advanced/wallet-service-url/wallet-service-url.ts:64:105 - Unknown word (Copayer)
/mnt/disk273/doc/coding/linters-article/src/pages/settings/wallet-settings/wallet-settings-advanced/wallet-transaction-history/wallet-transaction-history.ts:106:12 - Unknown word (Copayers)
/mnt/disk273/doc/coding/linters-article/src/pages/settings/wallet-settings/wallet-settings-advanced/wallet-transaction-history/wallet-transaction-history.ts:110:30 - Unknown word (copayers)
/mnt/disk273/doc/coding/linters-article/src/pages/settings/wallet-settings/wallet-settings-advanced/wallet-transaction-history/wallet-transaction-history.ts:117:12 - Unknown word (copayers)
/mnt/disk273/doc/coding/linters-article/src/pages/settings/wallet-settings/wallet-settings-advanced/wallet-transaction-history/wallet-transaction-history.ts:122:16 - Unknown word (copayers)
/mnt/disk273/doc/coding/linters-article/src/pages/settings/wallet-settings/wallet-settings-advanced/wallet-transaction-history/wallet-transaction-history.ts:123:31 - Unknown word (copayer)
/mnt/disk273/doc/coding/linters-article/src/pages/settings/wallet-settings/wallet-settings-advanced/wallet-transaction-history/wallet-transaction-history.ts:147:13 - Unknown word (Copayers)
/mnt/disk273/doc/coding/linters-article/src/pages/settings/wallet-settings/wallet-settings-advanced/wallet-transaction-history/wallet-transaction-history.ts:147:24 - Unknown word (copayers)
/mnt/disk273/doc/coding/linters-article/src/pages/settings/wallet-settings/wallet-settings-advanced/wallet-transaction-history/wallet-transaction-history.ts:161:15 - Unknown word (Copayers)
/mnt/disk273/doc/coding/linters-article/src/pages/tabs/tabs.ts:167:53 - Unknown word (Bitpay)
/mnt/disk273/doc/coding/linters-article/src/pages/tx-details/tx-details.ts:43:10 - Unknown word (copayer)
/mnt/disk273/doc/coding/linters-article/src/pages/tx-details/tx-details.ts:74:10 - Unknown word (copayer)
/mnt/disk273/doc/coding/linters-article/src/pages/tx-details/tx-details.ts:74:46 - Unknown word (copayer)
/mnt/disk273/doc/coding/linters-article/src/pages/tx-details/tx-details.ts:178:20 - Unknown word (copayer)
/mnt/disk273/doc/coding/linters-article/src/pages/txp-details/txp-details.ts:39:10 - Unknown word (copayers)
/mnt/disk273/doc/coding/linters-article/src/pages/txp-details/txp-details.ts:40:10 - Unknown word (copayer)
/mnt/disk273/doc/coding/linters-article/src/pages/txp-details/txp-details.ts:89:10 - Unknown word (copayers)
/mnt/disk273/doc/coding/linters-article/src/pages/txp-details/txp-details.ts:89:53 - Unknown word (copayers)
/mnt/disk273/doc/coding/linters-article/src/pages/txp-details/txp-details.ts:90:10 - Unknown word (copayer)
/mnt/disk273/doc/coding/linters-article/src/pages/txp-details/txp-details.ts:90:46 - Unknown word (copayer)
/mnt/disk273/doc/coding/linters-article/src/pages/txp-details/txp-details.ts:216:20 - Unknown word (copayer)
/mnt/disk273/doc/coding/linters-article/src/pages/txp-details/txp-details.ts:414:11 - Unknown word (copayer)
/mnt/disk273/doc/coding/linters-article/src/pages/txp-details/txp-details.ts:424:20 - Unknown word (Copayer)
/mnt/disk273/doc/coding/linters-article/src/pages/txp-details/txp-details.ts:441:16 - Unknown word (Copayer)
/mnt/disk273/doc/coding/linters-article/src/pages/txp-details/txp-details.ts:442:16 - Unknown word (copayers)
/mnt/disk273/doc/coding/linters-article/src/pages/wallet-details/wallet-details.ts:288:9 - Unknown word (copayer)
/mnt/disk273/doc/coding/linters-article/src/pages/wallet-details/wallet-details.ts:288:31 - Unknown word (copayer)
/mnt/disk273/doc/coding/linters-article/src/pages/wallets/proposals-notifications/proposals-notifications.ts:217:9 - Unknown word (copayer)
/mnt/disk273/doc/coding/linters-article/src/pages/wallets/proposals-notifications/proposals-notifications.ts:217:31 - Unknown word (copayer)
/mnt/disk273/doc/coding/linters-article/src/pages/wallets/wallets.ts:14:10 - Unknown word (Copayers)
/mnt/disk273/doc/coding/linters-article/src/pages/wallets/wallets.ts:14:38 - Unknown word (copayers)
/mnt/disk273/doc/coding/linters-article/src/pages/wallets/wallets.ts:14:47 - Unknown word (copayers)
/mnt/disk273/doc/coding/linters-article/src/pages/wallets/wallets.ts:113:79 - Unknown word (Firebased)
/mnt/disk273/doc/coding/linters-article/src/pages/wallets/wallets.ts:185:23 - Unknown word (Copayer)
/mnt/disk273/doc/coding/linters-article/src/pages/wallets/wallets.ts:222:21 - Unknown word (Copayer)
/mnt/disk273/doc/coding/linters-article/src/pages/wallets/wallets.ts:227:16 - Unknown word (copayer)
/mnt/disk273/doc/coding/linters-article/src/pages/wallets/wallets.ts:420:13 - Unknown word (copayer)
/mnt/disk273/doc/coding/linters-article/src/pages/wallets/wallets.ts:421:9 - Unknown word (Copayers)
/mnt/disk273/doc/coding/linters-article/src/pages/wallets/wallets.ts:429:7 - Unknown word (copayer)
/mnt/disk273/doc/coding/linters-article/src/providers/address/address.spec.ts:38:80 - Unknown word (Bitpay)
/mnt/disk273/doc/coding/linters-article/src/providers/address/address.spec.ts:40:9 - Unknown word (bitcoincash)
/mnt/disk273/doc/coding/linters-article/src/providers/address/address.spec.ts:42:10 - Unknown word (bitcoincash)
/mnt/disk273/doc/coding/linters-article/src/providers/address/address.spec.ts:47:10 - Unknown word (BITCOINCASH)
/mnt/disk273/doc/coding/linters-article/src/providers/address/address.spec.ts:52:10 - Unknown word (bitcoincash)
/mnt/disk273/doc/coding/linters-article/src/providers/address/address.spec.ts:57:89 - Unknown word (Bitpay)
/mnt/disk273/doc/coding/linters-article/src/providers/address/address.spec.ts:60:10 - Unknown word (bitcoincash)
/mnt/disk273/doc/coding/linters-article/src/providers/address/address.spec.ts:129:18 - Unknown word (BITCOINCASH)
/mnt/disk273/doc/coding/linters-article/src/providers/address/address.spec.ts:134:10 - Unknown word (BITCOINCASH)
/mnt/disk273/doc/coding/linters-article/src/providers/address/address.spec.ts:256:18 - Unknown word (BITCOINCASH)
/mnt/disk273/doc/coding/linters-article/src/providers/address/address.spec.ts:261:10 - Unknown word (BITCOINCASH)
/mnt/disk273/doc/coding/linters-article/src/providers/address/address.spec.ts:266:41 - Unknown word (bitcore)
/mnt/disk273/doc/coding/linters-article/src/providers/address/address.spec.ts:283:18 - Unknown word (bitcoincash)
/mnt/disk273/doc/coding/linters-article/src/providers/address/address.ts:13:11 - Unknown word (bitcore)
/mnt/disk273/doc/coding/linters-article/src/providers/address/address.ts:14:11 - Unknown word (bitcore)
/mnt/disk273/doc/coding/linters-article/src/providers/address/address.ts:15:11 - Unknown word (bitcore)
/mnt/disk273/doc/coding/linters-article/src/providers/address/address.ts:16:11 - Unknown word (bitcore)
/mnt/disk273/doc/coding/linters-article/src/providers/address/address.ts:20:10 - Unknown word (bitcore)
/mnt/disk273/doc/coding/linters-article/src/providers/address/address.ts:20:40 - Unknown word (Bitcore)
/mnt/disk273/doc/coding/linters-article/src/providers/address/address.ts:21:44 - Unknown word (Bitcore)
/mnt/disk273/doc/coding/linters-article/src/providers/address/address.ts:22:44 - Unknown word (Bitcore)
/mnt/disk273/doc/coding/linters-article/src/providers/address/address.ts:23:43 - Unknown word (Bitcore)
/mnt/disk273/doc/coding/linters-article/src/providers/app-identity/app-identity.spec.ts:1:13 - Unknown word (bitauth)
/mnt/disk273/doc/coding/linters-article/src/providers/app-identity/app-identity.spec.ts:1:34 - Unknown word (bitauth)
/mnt/disk273/doc/coding/linters-article/src/providers/app-identity/app-identity.spec.ts:62:29 - Unknown word (bitauth)
/mnt/disk273/doc/coding/linters-article/src/providers/app-identity/app-identity.spec.ts:72:13 - Unknown word (bitauth)
/mnt/disk273/doc/coding/linters-article/src/providers/app-identity/app-identity.ts:7:13 - Unknown word (bitauth)
/mnt/disk273/doc/coding/linters-article/src/providers/app-identity/app-identity.ts:7:34 - Unknown word (bitauth)
/mnt/disk273/doc/coding/linters-article/src/providers/app-identity/app-identity.ts:27:23 - Unknown word (bitauth)
/mnt/disk273/doc/coding/linters-article/src/providers/app-identity/app-identity.ts:30:18 - Unknown word (bitauth)
/mnt/disk273/doc/coding/linters-article/src/providers/app-identity/app-identity.ts:31:9 - Unknown word (bitauth)
/mnt/disk273/doc/coding/linters-article/src/providers/app/app.spec.ts:25:55 - Unknown word (bitpay)
/mnt/disk273/doc/coding/linters-article/src/providers/bitpay-account/bitpay-account.ts:10:36 - Unknown word (bitpay)
/mnt/disk273/doc/coding/linters-article/src/providers/bitpay-account/bitpay-account.ts:10:43 - Unknown word (bitpay)
/mnt/disk273/doc/coding/linters-article/src/providers/bitpay-account/bitpay-account.ts:21:29 - Unknown word (bitpay)
/mnt/disk273/doc/coding/linters-article/src/providers/bitpay-account/bitpay-account.ts:23:63 - Unknown word (bitpay)
/mnt/disk273/doc/coding/linters-article/src/providers/bitpay-account/bitpay-account.ts:28:45 - Unknown word (bitpay)
/mnt/disk273/doc/coding/linters-article/src/providers/bitpay-account/bitpay-account.ts:140:27 - Unknown word (Bitpay)
/mnt/disk273/doc/coding/linters-article/src/providers/bitpay-account/bitpay-account.ts:193:11 - Unknown word (Bitpay)
/mnt/disk273/doc/coding/linters-article/src/providers/bitpay-account/bitpay-account.ts:238:14 - Unknown word (Bitpay)
/mnt/disk273/doc/coding/linters-article/src/providers/bitpay-account/bitpay-account.ts:239:33 - Unknown word (Bitpay)
/mnt/disk273/doc/coding/linters-article/src/providers/bitpay-account/bitpay-account.ts:247:14 - Unknown word (Bitpay)
/mnt/disk273/doc/coding/linters-article/src/providers/bitpay-card/bitpay-card.ts:6:36 - Unknown word (bitpay)
/mnt/disk273/doc/coding/linters-article/src/providers/bitpay-card/bitpay-card.ts:6:43 - Unknown word (bitpay)
/mnt/disk273/doc/coding/linters-article/src/providers/bitpay-card/bitpay-card.ts:250:15 - Unknown word (Bitpay)
/mnt/disk273/doc/coding/linters-article/src/providers/bitpay-card/bitpay-card.ts:425:11 - Unknown word (Bitpay)
/mnt/disk273/doc/coding/linters-article/src/providers/bitpay-card/bitpay-card.ts:433:14 - Unknown word (Bitpay)
/mnt/disk273/doc/coding/linters-article/src/providers/bitpay-card/bitpay-card.ts:527:27 - Unknown word (bitpay)
/mnt/disk273/doc/coding/linters-article/src/providers/bitpay-card/bitpay-card.ts:527:44 - Unknown word (bitpay)
/mnt/disk273/doc/coding/linters-article/src/providers/bitpay-id/bitpay-id.ts:8:13 - Unknown word (bitauth)
/mnt/disk273/doc/coding/linters-article/src/providers/bitpay-id/bitpay-id.ts:8:34 - Unknown word (bitauth)
/mnt/disk273/doc/coding/linters-article/src/providers/bitpay-id/bitpay-id.ts:19:11 - Unknown word (BITPAY)
/mnt/disk273/doc/coding/linters-article/src/providers/bitpay-id/bitpay-id.ts:42:10 - Unknown word (BITPAY)
/mnt/disk273/doc/coding/linters-article/src/providers/bitpay-id/bitpay-id.ts:46:22 - Unknown word (bitpay)
/mnt/disk273/doc/coding/linters-article/src/providers/bitpay-id/bitpay-id.ts:82:24 - Unknown word (bitauth)
/mnt/disk273/doc/coding/linters-article/src/providers/bitpay-id/bitpay-id.ts:84:7 - Unknown word (bitauth)
/mnt/disk273/doc/coding/linters-article/src/providers/bitpay-id/bitpay-id.ts:90:38 - Unknown word (bitauth)
/mnt/disk273/doc/coding/linters-article/src/providers/bitpay-id/bitpay-id.ts:97:31 - Unknown word (BITPAY)
/mnt/disk273/doc/coding/linters-article/src/providers/bitpay-id/bitpay-id.ts:153:45 - Unknown word (Bitpay)
/mnt/disk273/doc/coding/linters-article/src/providers/bitpay-id/bitpay-id.ts:182:25 - Unknown word (BITPAY)
/mnt/disk273/doc/coding/linters-article/src/providers/bitpay-id/bitpay-id.ts:257:40 - Unknown word (Bitpay)
/mnt/disk273/doc/coding/linters-article/src/providers/bitpay/bitpay.ts:8:13 - Unknown word (bitauth)
/mnt/disk273/doc/coding/linters-article/src/providers/bitpay/bitpay.ts:8:34 - Unknown word (bitauth)
/mnt/disk273/doc/coding/linters-article/src/providers/bitpay/bitpay.ts:13:11 - Unknown word (BITPAY)
/mnt/disk273/doc/coding/linters-article/src/providers/bitpay/bitpay.ts:24:10 - Unknown word (BITPAY)
/mnt/disk273/doc/coding/linters-article/src/providers/bitpay/bitpay.ts:28:22 - Unknown word (bitpay)
/mnt/disk273/doc/coding/linters-article/src/providers/bitpay/bitpay.ts:38:20 - Unknown word (BITPAY)
/mnt/disk273/doc/coding/linters-article/src/providers/bitpay/bitpay.ts:60:31 - Unknown word (BITPAY)
/mnt/disk273/doc/coding/linters-article/src/providers/bitpay/bitpay.ts:61:26 - Unknown word (bitauth)
/mnt/disk273/doc/coding/linters-article/src/providers/bitpay/bitpay.ts:62:24 - Unknown word (BITPAY)
/mnt/disk273/doc/coding/linters-article/src/providers/bitpay/bitpay.ts:88:36 - Unknown word (bitauth)
/mnt/disk273/doc/coding/linters-article/src/providers/buy-crypto/buy-crypto.ts:62:45 - Unknown word (creditcard)
/mnt/disk273/doc/coding/linters-article/src/providers/bwc-error/bwc-error.spec.ts:134:24 - Unknown word (COPAYER)
/mnt/disk273/doc/coding/linters-article/src/providers/bwc-error/bwc-error.spec.ts:136:10 - Unknown word (Copayer)
/mnt/disk273/doc/coding/linters-article/src/providers/bwc-error/bwc-error.spec.ts:158:24 - Unknown word (COPAYER)
/mnt/disk273/doc/coding/linters-article/src/providers/bwc-error/bwc-error.spec.ts:160:10 - Unknown word (Copayer)
/mnt/disk273/doc/coding/linters-article/src/providers/bwc-error/bwc-error.spec.ts:204:24 - Unknown word (COPAYER)
/mnt/disk273/doc/coding/linters-article/src/providers/bwc-error/bwc-error.spec.ts:205:50 - Unknown word (Copayer)
/mnt/disk273/doc/coding/linters-article/src/providers/bwc-error/bwc-error.spec.ts:215:24 - Unknown word (COPAYER)
/mnt/disk273/doc/coding/linters-article/src/providers/bwc-error/bwc-error.ts:105:12 - Unknown word (Bitcore)
/mnt/disk273/doc/coding/linters-article/src/providers/bwc-error/bwc-error.ts:125:13 - Unknown word (COPAYER)
/mnt/disk273/doc/coding/linters-article/src/providers/bwc-error/bwc-error.ts:126:40 - Unknown word (Copayer)
/mnt/disk273/doc/coding/linters-article/src/providers/bwc-error/bwc-error.ts:152:13 - Unknown word (COPAYER)
/mnt/disk273/doc/coding/linters-article/src/providers/bwc-error/bwc-error.ts:154:12 - Unknown word (Copayer)
/mnt/disk273/doc/coding/linters-article/src/providers/bwc-error/bwc-error.ts:190:13 - Unknown word (COPAYER)
/mnt/disk273/doc/coding/linters-article/src/providers/bwc-error/bwc-error.ts:191:40 - Unknown word (Copayer)
/mnt/disk273/doc/coding/linters-article/src/providers/bwc-error/bwc-error.ts:201:13 - Unknown word (COPAYER)
/mnt/disk273/doc/coding/linters-article/src/providers/bwc/bwc.ts:5:18 - Unknown word (bitcore)
/mnt/disk273/doc/coding/linters-article/src/providers/bwc/bwc.ts:14:13 - Unknown word (Bitcore)
/mnt/disk273/doc/coding/linters-article/src/providers/bwc/bwc.ts:15:16 - Unknown word (Bitcore)
/mnt/disk273/doc/coding/linters-article/src/providers/bwc/bwc.ts:18:13 - Unknown word (Bitcore)
/mnt/disk273/doc/coding/linters-article/src/providers/bwc/bwc.ts:19:16 - Unknown word (Bitcore)
/mnt/disk273/doc/coding/linters-article/src/providers/bwc/bwc.ts:22:13 - Unknown word (Bitcore)
/mnt/disk273/doc/coding/linters-article/src/providers/config/config.ts:10:10 - Unknown word (Copayers)
/mnt/disk273/doc/coding/linters-article/src/providers/config/config.ts:15:13 - Unknown word (Copayers)
/mnt/disk273/doc/coding/linters-article/src/providers/config/config.ts:16:10 - Unknown word (Copayers)
/mnt/disk273/doc/coding/linters-article/src/providers/config/config.ts:40:5 - Unknown word (bitpay)
/mnt/disk273/doc/coding/linters-article/src/providers/config/config.ts:49:5 - Unknown word (bitpay)
/mnt/disk273/doc/coding/linters-article/src/providers/config/config.ts:75:5 - Unknown word (giftcards)
/mnt/disk273/doc/coding/linters-article/src/providers/config/config.ts:159:14 - Unknown word (Copayers)
/mnt/disk273/doc/coding/linters-article/src/providers/config/config.ts:165:17 - Unknown word (Copayers)
/mnt/disk273/doc/coding/linters-article/src/providers/config/config.ts:181:10 - Unknown word (Bitcore)
/mnt/disk273/doc/coding/linters-article/src/providers/config/config.ts:191:9 - Unknown word (bitpay)
/mnt/disk273/doc/coding/linters-article/src/providers/config/config.ts:200:9 - Unknown word (bitpay)
/mnt/disk273/doc/coding/linters-article/src/providers/config/config.ts:230:9 - Unknown word (giftcards)
/mnt/disk273/doc/coding/linters-article/src/providers/config/config.ts:388:44 - Unknown word (giftcards)
/mnt/disk273/doc/coding/linters-article/src/providers/config/config.ts:389:42 - Unknown word (giftcards)
/mnt/disk273/doc/coding/linters-article/src/providers/config/config.ts:389:89 - Unknown word (giftcards)
/mnt/disk273/doc/coding/linters-article/src/providers/currency/coin.ts:4:6 - Unknown word (Bitcore)
/mnt/disk273/doc/coding/linters-article/src/providers/currency/coin.ts:70:27 - Unknown word (bitpay)
/mnt/disk273/doc/coding/linters-article/src/providers/currency/coin.ts:71:34 - Unknown word (bitpay)
/mnt/disk273/doc/coding/linters-article/src/providers/currency/coin.ts:105:35 - Unknown word (bitcoincash)
/mnt/disk273/doc/coding/linters-article/src/providers/currency/coin.ts:107:27 - Unknown word (bitpay)
/mnt/disk273/doc/coding/linters-article/src/providers/currency/coin.ts:108:34 - Unknown word (bitpay)
/mnt/disk273/doc/coding/linters-article/src/providers/currency/coin.ts:477:27 - Unknown word (bitpay)
/mnt/disk273/doc/coding/linters-article/src/providers/gift-card/gift-card.spec.ts:104:39 - Unknown word (BITPAY)
/mnt/disk273/doc/coding/linters-article/src/providers/gift-card/gift-card.ts:14:38 - Unknown word (bitpay)
/mnt/disk273/doc/coding/linters-article/src/providers/gift-card/gift-card.ts:14:48 - Unknown word (bitpay)
/mnt/disk273/doc/coding/linters-article/src/providers/gift-card/gift-card.ts:54:13 - Unknown word (bitpay)
/mnt/disk273/doc/coding/linters-article/src/providers/gift-card/gift-card.ts:155:16 - Unknown word (bitpay)
/mnt/disk273/doc/coding/linters-article/src/providers/gift-card/gift-card.ts:159:26 - Unknown word (bitpay)
/mnt/disk273/doc/coding/linters-article/src/providers/gift-card/gift-card.ts:167:22 - Unknown word (Bitpay)
/mnt/disk273/doc/coding/linters-article/src/providers/gift-card/gift-card.ts:180:33 - Unknown word (Bitpay)
/mnt/disk273/doc/coding/linters-article/src/providers/gift-card/gift-card.ts:181:35 - Unknown word (Bitpay)
/mnt/disk273/doc/coding/linters-article/src/providers/gift-card/gift-card.ts:187:27 - Unknown word (Bitpay)
/mnt/disk273/doc/coding/linters-article/src/providers/gift-card/gift-card.ts:198:37 - Unknown word (Bitpay)
/mnt/disk273/doc/coding/linters-article/src/providers/gift-card/gift-card.ts:599:24 - Unknown word (BITPAY)
/mnt/disk273/doc/coding/linters-article/src/providers/gift-card/gift-card.ts:743:14 - Unknown word (giftcards)
/mnt/disk273/doc/coding/linters-article/src/providers/gift-card/gift-card.ts:746:58 - Unknown word (giftcards)
/mnt/disk273/doc/coding/linters-article/src/providers/gift-card/gift-card.ts:899:36 - Unknown word (flatrate)
/mnt/disk273/doc/coding/linters-article/src/providers/gift-card/gift-card.types.ts:12:10 - Unknown word (flatrate)
/mnt/disk273/doc/coding/linters-article/src/providers/in-app-browser/card.ts:4:13 - Unknown word (bitauth)
/mnt/disk273/doc/coding/linters-article/src/providers/in-app-browser/card.ts:4:34 - Unknown word (bitauth)
/mnt/disk273/doc/coding/linters-article/src/providers/in-app-browser/card.ts:13:38 - Unknown word (bitpay)
/mnt/disk273/doc/coding/linters-article/src/providers/in-app-browser/card.ts:13:48 - Unknown word (bitpay)
/mnt/disk273/doc/coding/linters-article/src/providers/in-app-browser/card.ts:39:35 - Unknown word (bitpay)
/mnt/disk273/doc/coding/linters-article/src/providers/in-app-browser/card.ts:39:50 - Unknown word (bitpay)
/mnt/disk273/doc/coding/linters-article/src/providers/in-app-browser/card.ts:47:11 - Unknown word (BITPAY)
/mnt/disk273/doc/coding/linters-article/src/providers/in-app-browser/card.ts:62:13 - Unknown word (bitpay)
/mnt/disk273/doc/coding/linters-article/src/providers/in-app-browser/card.ts:84:10 - Unknown word (BITPAY)
/mnt/disk273/doc/coding/linters-article/src/providers/in-app-browser/card.ts:405:29 - Unknown word (BITPAY)
/mnt/disk273/doc/coding/linters-article/src/providers/in-app-browser/card.ts:407:28 - Unknown word (bitauth)
/mnt/disk273/doc/coding/linters-article/src/providers/in-app-browser/card.ts:492:62 - Unknown word (Bitpay)
/mnt/disk273/doc/coding/linters-article/src/providers/in-app-browser/card.ts:523:43 - Unknown word (Bitpay)
/mnt/disk273/doc/coding/linters-article/src/providers/in-app-browser/card.ts:584:64 - Unknown word (Bitpay)
/mnt/disk273/doc/coding/linters-article/src/providers/in-app-browser/card.ts:600:43 - Unknown word (Bitpay)
/mnt/disk273/doc/coding/linters-article/src/providers/in-app-browser/card.ts:643:51 - Unknown word (Bitpay)
/mnt/disk273/doc/coding/linters-article/src/providers/in-app-browser/card.ts:734:29 - Unknown word (BITPAY)
/mnt/disk273/doc/coding/linters-article/src/providers/in-app-browser/card.ts:736:28 - Unknown word (bitauth)
/mnt/disk273/doc/coding/linters-article/src/providers/in-app-browser/card.ts:780:26 - Unknown word (bitauth)
/mnt/disk273/doc/coding/linters-article/src/providers/in-app-browser/card.ts:799:17 - Unknown word (BITPAY)
/mnt/disk273/doc/coding/linters-article/src/providers/incoming-data/incoming-data.spec.ts:27:28 - Unknown word (bitpay)
/mnt/disk273/doc/coding/linters-article/src/providers/incoming-data/incoming-data.spec.ts:160:10 - Unknown word (bitcoincash)
/mnt/disk273/doc/coding/linters-article/src/providers/incoming-data/incoming-data.spec.ts:271:36 - Unknown word (bitpay)
/mnt/disk273/doc/coding/linters-article/src/providers/incoming-data/incoming-data.spec.ts:386:36 - Unknown word (bitpay)
/mnt/disk273/doc/coding/linters-article/src/providers/incoming-data/incoming-data.spec.ts:470:10 - Unknown word (bitcoincash)
/mnt/disk273/doc/coding/linters-article/src/providers/incoming-data/incoming-data.spec.ts:471:10 - Unknown word (bitcoincash)
/mnt/disk273/doc/coding/linters-article/src/providers/incoming-data/incoming-data.spec.ts:476:37 - Unknown word (Bitcore)
/mnt/disk273/doc/coding/linters-article/src/providers/incoming-data/incoming-data.spec.ts:624:10 - Unknown word (BITCOINCASH)
/mnt/disk273/doc/coding/linters-article/src/providers/incoming-data/incoming-data.spec.ts:629:37 - Unknown word (Bitcore)
/mnt/disk273/doc/coding/linters-article/src/providers/incoming-data/incoming-data.spec.ts:668:37 - Unknown word (Bitcore)
/mnt/disk273/doc/coding/linters-article/src/providers/incoming-data/incoming-data.spec.ts:705:19 - Unknown word (bitcoincash)
/mnt/disk273/doc/coding/linters-article/src/providers/incoming-data/incoming-data.spec.ts:714:13 - Unknown word (Bitcore)
/mnt/disk273/doc/coding/linters-article/src/providers/incoming-data/incoming-data.spec.ts:715:29 - Unknown word (bitcoincash)
/mnt/disk273/doc/coding/linters-article/src/providers/incoming-data/incoming-data.spec.ts:719:30 - Unknown word (Bitcore)
/mnt/disk273/doc/coding/linters-article/src/providers/incoming-data/incoming-data.spec.ts:772:10 - Unknown word (bitpay)
/mnt/disk273/doc/coding/linters-article/src/providers/incoming-data/incoming-data.spec.ts:773:10 - Unknown word (bitpay)
/mnt/disk273/doc/coding/linters-article/src/providers/incoming-data/incoming-data.spec.ts:1049:14 - Unknown word (BITCOINCASH)
/mnt/disk273/doc/coding/linters-article/src/providers/incoming-data/incoming-data.ts:10:38 - Unknown word (bitpay)
/mnt/disk273/doc/coding/linters-article/src/providers/incoming-data/incoming-data.ts:10:48 - Unknown word (bitpay)
/mnt/disk273/doc/coding/linters-article/src/providers/incoming-data/incoming-data.ts:84:25 - Unknown word (bitcoincash)
/mnt/disk273/doc/coding/linters-article/src/providers/incoming-data/incoming-data.ts:90:50 - Unknown word (bitpay)
/mnt/disk273/doc/coding/linters-article/src/providers/incoming-data/incoming-data.ts:95:33 - Unknown word (bitpay)
/mnt/disk273/doc/coding/linters-article/src/providers/incoming-data/incoming-data.ts:99:21 - Unknown word (bitpay)
/mnt/disk273/doc/coding/linters-article/src/providers/incoming-data/incoming-data.ts:108:34 - Unknown word (Bitcore)
/mnt/disk273/doc/coding/linters-article/src/providers/incoming-data/incoming-data.ts:113:34 - Unknown word (Bitcore)
/mnt/disk273/doc/coding/linters-article/src/providers/incoming-data/incoming-data.ts:128:34 - Unknown word (Bitcore)
/mnt/disk273/doc/coding/linters-article/src/providers/incoming-data/incoming-data.ts:133:34 - Unknown word (Bitcore)
/mnt/disk273/doc/coding/linters-article/src/providers/incoming-data/incoming-data.ts:143:11 - Unknown word (Bitcore)
/mnt/disk273/doc/coding/linters-article/src/providers/incoming-data/incoming-data.ts:144:36 - Unknown word (bitcoincash)
/mnt/disk273/doc/coding/linters-article/src/providers/incoming-data/incoming-data.ts:536:28 - Unknown word (bitcoincash)
/mnt/disk273/doc/coding/linters-article/src/providers/incoming-data/incoming-data.ts:1330:19 - Unknown word (bitcoincash)
/mnt/disk273/doc/coding/linters-article/src/providers/index.ts:28:53 - Unknown word (bitpay)
/mnt/disk273/doc/coding/linters-article/src/providers/index.ts:28:68 - Unknown word (bitpay)
/mnt/disk273/doc/coding/linters-article/src/providers/index.ts:29:50 - Unknown word (bitpay)
/mnt/disk273/doc/coding/linters-article/src/providers/index.ts:29:62 - Unknown word (bitpay)
/mnt/disk273/doc/coding/linters-article/src/providers/index.ts:30:48 - Unknown word (bitpay)
/mnt/disk273/doc/coding/linters-article/src/providers/invoice/invoice.ts:11:5 - Unknown word (BITPAY)
/mnt/disk273/doc/coding/linters-article/src/providers/invoice/invoice.ts:14:5 - Unknown word (BITPAY)
/mnt/disk273/doc/coding/linters-article/src/providers/invoice/invoice.ts:28:22 - Unknown word (BITPAY)
/mnt/disk273/doc/coding/linters-article/src/providers/invoice/invoice.ts:40:32 - Unknown word (BITPAY)
/mnt/disk273/doc/coding/linters-article/src/providers/invoice/invoice.ts:45:32 - Unknown word (BITPAY)
/mnt/disk273/doc/coding/linters-article/src/providers/language/language.ts:34:14 - Unknown word (Polski)
/mnt/disk273/doc/coding/linters-article/src/providers/language/language.ts:52:14 - Unknown word (P)
/mnt/disk273/doc/coding/linters-article/src/providers/language/language.ts:56:14 - Unknown word (Portugus)
/mnt/disk273/doc/coding/linters-article/src/providers/persistence/persistence.ts:38:3 - Unknown word (BITPAY)
/mnt/disk273/doc/coding/linters-article/src/providers/persistence/persistence.ts:38:35 - Unknown word (bitpay)
/mnt/disk273/doc/coding/linters-article/src/providers/persistence/persistence.ts:87:3 - Unknown word (BITPAY)
/mnt/disk273/doc/coding/linters-article/src/providers/persistence/persistence.ts:87:40 - Unknown word (bitpay)
/mnt/disk273/doc/coding/linters-article/src/providers/persistence/persistence.ts:88:3 - Unknown word (BITPAY)
/mnt/disk273/doc/coding/linters-article/src/providers/persistence/persistence.ts:88:36 - Unknown word (bitpay)
/mnt/disk273/doc/coding/linters-article/src/providers/persistence/persistence.ts:89:3 - Unknown word (BITPAY)
/mnt/disk273/doc/coding/linters-article/src/providers/persistence/persistence.ts:89:35 - Unknown word (bitpay)
/mnt/disk273/doc/coding/linters-article/src/providers/persistence/persistence.ts:96:3 - Unknown word (CUSTOMTOKENSDATA)
/mnt/disk273/doc/coding/linters-article/src/providers/persistence/persistence.ts:97:3 - Unknown word (CUSTOMTOKENSOPTS)
/mnt/disk273/doc/coding/linters-article/src/providers/persistence/persistence.ts:225:17 - Unknown word (Firebased)
/mnt/disk273/doc/coding/linters-article/src/providers/persistence/persistence.ts:611:6 - Unknown word (Bitpay)
/mnt/disk273/doc/coding/linters-article/src/providers/persistence/persistence.ts:612:34 - Unknown word (BITPAY)
/mnt/disk273/doc/coding/linters-article/src/providers/persistence/persistence.ts:615:6 - Unknown word (Bitpay)
/mnt/disk273/doc/coding/linters-article/src/providers/persistence/persistence.ts:626:20 - Unknown word (Bitpay)
/mnt/disk273/doc/coding/linters-article/src/providers/persistence/persistence.ts:641:9 - Unknown word (Bitpay)
/mnt/disk273/doc/coding/linters-article/src/providers/persistence/persistence.ts:642:20 - Unknown word (Bitpay)
/mnt/disk273/doc/coding/linters-article/src/providers/persistence/persistence.ts:1051:34 - Unknown word (CUSTOMTOKENSDATA)
/mnt/disk273/doc/coding/linters-article/src/providers/persistence/persistence.ts:1055:34 - Unknown word (CUSTOMTOKENSDATA)
/mnt/disk273/doc/coding/linters-article/src/providers/persistence/persistence.ts:1059:34 - Unknown word (CUSTOMTOKENSOPTS)
/mnt/disk273/doc/coding/linters-article/src/providers/persistence/persistence.ts:1063:34 - Unknown word (CUSTOMTOKENSOPTS)
/mnt/disk273/doc/coding/linters-article/src/providers/profile/profile.spec.ts:39:7 - Unknown word (copayer)
/mnt/disk273/doc/coding/linters-article/src/providers/profile/profile.spec.ts:39:19 - Unknown word (copayer)
/mnt/disk273/doc/coding/linters-article/src/providers/profile/profile.spec.ts:75:7 - Unknown word (copayer)
/mnt/disk273/doc/coding/linters-article/src/providers/profile/profile.spec.ts:75:19 - Unknown word (copayer)
/mnt/disk273/doc/coding/linters-article/src/providers/profile/profile.spec.ts:106:7 - Unknown word (copayer)
/mnt/disk273/doc/coding/linters-article/src/providers/profile/profile.spec.ts:292:9 - Unknown word (COPAYER)
/mnt/disk273/doc/coding/linters-article/src/providers/profile/profile.spec.ts:295:8 - Unknown word (Bitcore)
/mnt/disk273/doc/coding/linters-article/src/providers/profile/profile.spec.ts:298:8 - Unknown word (Bitcore)
/mnt/disk273/doc/coding/linters-article/src/providers/profile/profile.spec.ts:1272:64 - Unknown word (Copayer)
/mnt/disk273/doc/coding/linters-article/src/providers/profile/profile.spec.ts:1277:37 - Unknown word (Copayer)
/mnt/disk273/doc/coding/linters-article/src/providers/profile/profile.spec.ts:1291:64 - Unknown word (Copayer)
/mnt/disk273/doc/coding/linters-article/src/providers/profile/profile.spec.ts:1296:37 - Unknown word (Copayer)
/mnt/disk273/doc/coding/linters-article/src/providers/profile/profile.ts:335:12 - Unknown word (copayer)
/mnt/disk273/doc/coding/linters-article/src/providers/profile/profile.ts:335:43 - Unknown word (copayer)
/mnt/disk273/doc/coding/linters-article/src/providers/profile/profile.ts:597:16 - Unknown word (Copayer)
/mnt/disk273/doc/coding/linters-article/src/providers/profile/profile.ts:598:20 - Unknown word (copayer)
/mnt/disk273/doc/coding/linters-article/src/providers/profile/profile.ts:599:47 - Unknown word (copayer)
/mnt/disk273/doc/coding/linters-article/src/providers/profile/profile.ts:601:20 - Unknown word (copayer)
/mnt/disk273/doc/coding/linters-article/src/providers/profile/profile.ts:1312:12 - Unknown word (NONAGREEDDISCLAIMER)
/mnt/disk273/doc/coding/linters-article/src/providers/profile/profile.ts:1596:46 - Unknown word (COPAYER)
/mnt/disk273/doc/coding/linters-article/src/providers/profile/profile.ts:1682:48 - Unknown word (COPAYER)
/mnt/disk273/doc/coding/linters-article/src/providers/push-notifications/push-notifications.ts:19:18 - Unknown word (bitcore)
/mnt/disk273/doc/coding/linters-article/src/providers/push-notifications/push-notifications.ts:77:34 - Unknown word (offersandpromotions)
/mnt/disk273/doc/coding/linters-article/src/providers/push-notifications/push-notifications.ts:188:32 - Unknown word (offersandpromotions)
/mnt/disk273/doc/coding/linters-article/src/providers/push-notifications/push-notifications.ts:303:19 - Unknown word (Bitcore)
/mnt/disk273/doc/coding/linters-article/src/providers/rate/rate.ts:107:40 - Unknown word (fiatrates)
/mnt/disk273/doc/coding/linters-article/src/providers/rate/rate.ts:224:38 - Unknown word (fiatrates)
/mnt/disk273/doc/coding/linters-article/src/providers/rate/rate.ts:262:28 - Unknown word (fiatrates)
/mnt/disk273/doc/coding/linters-article/src/providers/tx-format/tx-format.spec.ts:44:10 - Unknown word (bitcoincash)
/mnt/disk273/doc/coding/linters-article/src/providers/tx-format/tx-format.ts:26:11 - Unknown word (bitcore)
/mnt/disk273/doc/coding/linters-article/src/providers/tx-format/tx-format.ts:40:10 - Unknown word (bitcore)
/mnt/disk273/doc/coding/linters-article/src/providers/tx-format/tx-format.ts:40:44 - Unknown word (Bitcore)
/mnt/disk273/doc/coding/linters-article/src/providers/tx-format/tx-format.ts:44:17 - Unknown word (bitcore)
/mnt/disk273/doc/coding/linters-article/src/providers/tx-format/tx-format.ts:48:35 - Unknown word (bitcore)
/mnt/disk273/doc/coding/linters-article/src/providers/wallet-connect/wallet-connect.ts:3:29 - Unknown word (walletconnect)
/mnt/disk273/doc/coding/linters-article/src/providers/wallet-connect/wallet-connect.ts:4:38 - Unknown word (walletconnect)
/mnt/disk273/doc/coding/linters-article/src/providers/wallet-connect/wallet-connect.ts:74:11 - Unknown word (bitcore)
/mnt/disk273/doc/coding/linters-article/src/providers/wallet-connect/wallet-connect.ts:74:41 - Unknown word (Bitcore)
/mnt/disk273/doc/coding/linters-article/src/providers/wallet-connect/wallet-connect.ts:75:23 - Unknown word (bitcore)
/mnt/disk273/doc/coding/linters-article/src/providers/wallet-connect/wallet-connect.ts:85:11 - Unknown word (bitcore)
/mnt/disk273/doc/coding/linters-article/src/providers/wallet-connect/wallet-connect.ts:85:41 - Unknown word (Bitcore)
/mnt/disk273/doc/coding/linters-article/src/providers/wallet-connect/wallet-connect.ts:86:23 - Unknown word (bitcore)
/mnt/disk273/doc/coding/linters-article/src/providers/wallet/wallet.spec.ts:180:11 - Unknown word (copayer)
/mnt/disk273/doc/coding/linters-article/src/providers/wallet/wallet.spec.ts:180:23 - Unknown word (copayer)
/mnt/disk273/doc/coding/linters-article/src/providers/wallet/wallet.spec.ts:185:11 - Unknown word (copayer)
/mnt/disk273/doc/coding/linters-article/src/providers/wallet/wallet.spec.ts:189:15 - Unknown word (copayer)
/mnt/disk273/doc/coding/linters-article/src/providers/wallet/wallet.spec.ts:189:38 - Unknown word (copayer)
/mnt/disk273/doc/coding/linters-article/src/providers/wallet/wallet.spec.ts:335:10 - Unknown word (bitcoincash)
/mnt/disk273/doc/coding/linters-article/src/providers/wallet/wallet.spec.ts:1212:23 - Unknown word (bitcoincash)
/mnt/disk273/doc/coding/linters-article/src/providers/wallet/wallet.spec.ts:1216:33 - Unknown word (bitcoincash)
/mnt/disk273/doc/coding/linters-article/src/providers/wallet/wallet.ts:105:23 - Unknown word (SEQNUMBER)
/mnt/disk273/doc/coding/linters-article/src/providers/wallet/wallet.ts:171:13 - Unknown word (copayer)
/mnt/disk273/doc/coding/linters-article/src/providers/wallet/wallet.ts:171:34 - Unknown word (copayer)
/mnt/disk273/doc/coding/linters-article/src/providers/wallet/wallet.ts:1026:53 - Unknown word (SEQNUMBER)
/mnt/disk273/doc/coding/linters-article/src/providers/wallet/wallet.ts:1492:18 - Unknown word (Copayer)
/mnt/disk273/doc/coding/linters-article/src/providers/wallet/wallet.ts:1899:14 - Unknown word (Copayers)
/mnt/disk273/doc/coding/linters-article/src/providers/wallet/wallet.ts:1902:13 - Unknown word (Bitcore)
/mnt/disk273/doc/coding/linters-article/src/providers/wallet/wallet.ts:1904:11 - Unknown word (copayer)
/mnt/disk273/doc/coding/linters-article/src/providers/wallet/wallet.ts:1908:25 - Unknown word (copayer)
/mnt/disk273/doc/coding/linters-article/src/providers/wallet/wallet.ts:1908:41 - Unknown word (copayer)
/mnt/disk273/doc/coding/linters-article/src/providers/wallet/wallet.ts:1920:53 - Unknown word (COPAYER)
/mnt/disk273/doc/coding/linters-article/src/test.ts:88:49 - Unknown word (bitpay)
