/mnt/disk273/doc/coding/linters-article/src/app/app.component.ts
/mnt/disk273/doc/coding/linters-article/src/components/footer-menu/footer-menu.ts
/mnt/disk273/doc/coding/linters-article/src/components/gift-card-discount-text/gift-card-discount-text.ts
/mnt/disk273/doc/coding/linters-article/src/pages/add/copayers/copayers.ts
/mnt/disk273/doc/coding/linters-article/src/pages/add/create-eth-multisig/create-eth-multisig.ts
/mnt/disk273/doc/coding/linters-article/src/pages/add/create-wallet/create-wallet.spec.ts
/mnt/disk273/doc/coding/linters-article/src/pages/add/create-wallet/create-wallet.ts
/mnt/disk273/doc/coding/linters-article/src/pages/add/join-wallet/join-wallet.ts
/mnt/disk273/doc/coding/linters-article/src/pages/add/select-currency/select-currency.ts
/mnt/disk273/doc/coding/linters-article/src/pages/buy-crypto/country-selector/country-selector.ts
/mnt/disk273/doc/coding/linters-article/src/pages/buy-crypto/crypto-order-summary/crypto-order-summary.ts
/mnt/disk273/doc/coding/linters-article/src/pages/cards/cards.ts
/mnt/disk273/doc/coding/linters-article/src/pages/exchange-crypto/exchange-checkout/exchange-checkout.ts
/mnt/disk273/doc/coding/linters-article/src/pages/exchange-crypto/exchange-crypto-settings/exchange-crypto-settings.ts
/mnt/disk273/doc/coding/linters-article/src/pages/home/home.ts
/mnt/disk273/doc/coding/linters-article/src/pages/integrations/bitpay-card/bitpay-card-home/bitpay-card-home.ts
/mnt/disk273/doc/coding/linters-article/src/pages/integrations/bitpay-card/bitpay-card-intro/bitpay-card-intro.ts
/mnt/disk273/doc/coding/linters-article/src/pages/integrations/bitpay-card/bitpay-card-phases/phase-one/phase-one-intro-page/phase-one-intro-page.ts
/mnt/disk273/doc/coding/linters-article/src/pages/integrations/bitpay-card/bitpay-card-topup/bitpay-card-topup.ts
/mnt/disk273/doc/coding/linters-article/src/pages/integrations/bitpay-card/bitpay-card.ts
/mnt/disk273/doc/coding/linters-article/src/pages/integrations/bitpay-card/bitpay-settings/bitpay-settings.ts
/mnt/disk273/doc/coding/linters-article/src/pages/integrations/gift-cards/card-catalog/card-catalog.ts
/mnt/disk273/doc/coding/linters-article/src/pages/integrations/gift-cards/card-details/card-details.ts
/mnt/disk273/doc/coding/linters-article/src/pages/integrations/gift-cards/card-details/printable-card/printable-card.ts
/mnt/disk273/doc/coding/linters-article/src/pages/integrations/gift-cards/confirm-card-purchase/confirm-card-purchase.ts
/mnt/disk273/doc/coding/linters-article/src/pages/integrations/gift-cards/gift-cards-settings/gift-cards-settings.ts
/mnt/disk273/doc/coding/linters-article/src/pages/integrations/wallet-connect/wallet-connect.ts
/mnt/disk273/doc/coding/linters-article/src/pages/pages.ts
/mnt/disk273/doc/coding/linters-article/src/pages/paper-wallet/paper-wallet.ts
/mnt/disk273/doc/coding/linters-article/src/pages/scan/scan.ts
/mnt/disk273/doc/coding/linters-article/src/pages/send/amount/amount.ts
/mnt/disk273/doc/coding/linters-article/src/pages/send/confirm/confirm.ts
/mnt/disk273/doc/coding/linters-article/src/pages/send/multi-send/multi-send.ts
/mnt/disk273/doc/coding/linters-article/src/pages/send/select-inputs/select-inputs.ts
/mnt/disk273/doc/coding/linters-article/src/pages/send/send.spec.ts
/mnt/disk273/doc/coding/linters-article/src/pages/send/send.ts
/mnt/disk273/doc/coding/linters-article/src/pages/settings/about/about.ts
/mnt/disk273/doc/coding/linters-article/src/pages/settings/bitpay-id/bitpay-id.ts
/mnt/disk273/doc/coding/linters-article/src/pages/settings/notifications/notifications.ts
/mnt/disk273/doc/coding/linters-article/src/pages/settings/settings.ts
/mnt/disk273/doc/coding/linters-article/src/pages/settings/share/share.ts
/mnt/disk273/doc/coding/linters-article/src/pages/settings/wallet-settings/wallet-settings-advanced/wallet-duplicate/wallet-duplicate.ts
/mnt/disk273/doc/coding/linters-article/src/pages/settings/wallet-settings/wallet-settings-advanced/wallet-information/wallet-information.ts
/mnt/disk273/doc/coding/linters-article/src/pages/settings/wallet-settings/wallet-settings-advanced/wallet-service-url/wallet-service-url.ts
/mnt/disk273/doc/coding/linters-article/src/pages/settings/wallet-settings/wallet-settings-advanced/wallet-transaction-history/wallet-transaction-history.ts
/mnt/disk273/doc/coding/linters-article/src/pages/tabs/tabs.ts
/mnt/disk273/doc/coding/linters-article/src/pages/tx-details/tx-details.ts
/mnt/disk273/doc/coding/linters-article/src/pages/txp-details/txp-details.ts
/mnt/disk273/doc/coding/linters-article/src/pages/wallet-details/wallet-details.ts
/mnt/disk273/doc/coding/linters-article/src/pages/wallets/proposals-notifications/proposals-notifications.ts
/mnt/disk273/doc/coding/linters-article/src/pages/wallets/wallets.ts
/mnt/disk273/doc/coding/linters-article/src/providers/address/address.spec.ts
/mnt/disk273/doc/coding/linters-article/src/providers/address/address.ts
/mnt/disk273/doc/coding/linters-article/src/providers/app/app.spec.ts
/mnt/disk273/doc/coding/linters-article/src/providers/app-identity/app-identity.spec.ts
/mnt/disk273/doc/coding/linters-article/src/providers/app-identity/app-identity.ts
/mnt/disk273/doc/coding/linters-article/src/providers/bitpay-account/bitpay-account.ts
/mnt/disk273/doc/coding/linters-article/src/providers/bitpay/bitpay.ts
/mnt/disk273/doc/coding/linters-article/src/providers/bitpay-card/bitpay-card.ts
/mnt/disk273/doc/coding/linters-article/src/providers/bitpay-id/bitpay-id.ts
/mnt/disk273/doc/coding/linters-article/src/providers/buy-crypto/buy-crypto.ts
/mnt/disk273/doc/coding/linters-article/src/providers/bwc/bwc.ts
/mnt/disk273/doc/coding/linters-article/src/providers/bwc-error/bwc-error.spec.ts
/mnt/disk273/doc/coding/linters-article/src/providers/bwc-error/bwc-error.ts
/mnt/disk273/doc/coding/linters-article/src/providers/config/config.ts
/mnt/disk273/doc/coding/linters-article/src/providers/currency/coin.ts
/mnt/disk273/doc/coding/linters-article/src/providers/gift-card/gift-card.spec.ts
/mnt/disk273/doc/coding/linters-article/src/providers/gift-card/gift-card.ts
/mnt/disk273/doc/coding/linters-article/src/providers/gift-card/gift-card.types.ts
/mnt/disk273/doc/coding/linters-article/src/providers/in-app-browser/card.ts
/mnt/disk273/doc/coding/linters-article/src/providers/incoming-data/incoming-data.spec.ts
/mnt/disk273/doc/coding/linters-article/src/providers/incoming-data/incoming-data.ts
/mnt/disk273/doc/coding/linters-article/src/providers/index.ts
/mnt/disk273/doc/coding/linters-article/src/providers/invoice/invoice.ts
/mnt/disk273/doc/coding/linters-article/src/providers/language/language.ts
/mnt/disk273/doc/coding/linters-article/src/providers/persistence/persistence.ts
/mnt/disk273/doc/coding/linters-article/src/providers/profile/profile.spec.ts
/mnt/disk273/doc/coding/linters-article/src/providers/profile/profile.ts
/mnt/disk273/doc/coding/linters-article/src/providers/push-notifications/push-notifications.ts
/mnt/disk273/doc/coding/linters-article/src/providers/rate/rate.ts
/mnt/disk273/doc/coding/linters-article/src/providers/tx-format/tx-format.spec.ts
/mnt/disk273/doc/coding/linters-article/src/providers/tx-format/tx-format.ts
/mnt/disk273/doc/coding/linters-article/src/providers/wallet-connect/wallet-connect.ts
/mnt/disk273/doc/coding/linters-article/src/providers/wallet/wallet.spec.ts
/mnt/disk273/doc/coding/linters-article/src/providers/wallet/wallet.ts
/mnt/disk273/doc/coding/linters-article/src/test.ts
