alpha-value-notation
at-rule-empty-line-before
block-no-empty
color-function-notation
color-hex-length
color-named
comment-empty-line-before
comment-whitespace-inside
custom-property-empty-line-before
declaration-block-no-duplicate-properties
declaration-block-no-redundant-longhand-properties
declaration-block-no-shorthand-property-overrides
declaration-colon-newline-after
declaration-no-important
font-family-name-quotes
font-family-no-missing-generic-family-keyword
font-weight-notation
function-linear-gradient-no-nonstandard-direction
function-url-quotes
length-zero-no-unit
media-feature-name-no-vendor-prefix
no-duplicate-selectors
no-empty-source
number-leading-zero
order/properties-order
property-no-unknown
property-no-vendor-prefix
scss/comment-no-empty
scss/no-global-function-names
scss/operator-no-unspaced
selector-max-class
selector-max-combinators
selector-max-compound-selectors
selector-max-id
selector-max-type
selector-no-qualifying-type
selector-no-vendor-prefix
selector-pseudo-element-colon-notation
selector-type-no-unknown
shorthand-property-no-redundant-values
string-quotes
value-list-comma-newline-after
value-list-comma-space-after
value-no-vendor-prefix
